CRITICAL - 2023-01-04 06:40:54 --> The framework needs the following extension(s) installed and loaded: intl.
in SYSTEMPATH\CodeIgniter.php on line 222.
 1 SYSTEMPATH\CodeIgniter.php(222): CodeIgniter\Exceptions\FrameworkException::forMissingExtension()
 2 SYSTEMPATH\CodeIgniter.php(182): CodeIgniter\CodeIgniter->resolvePlatformExtensions()
 3 ROOTPATH\spark(83): CodeIgniter\CodeIgniter->initialize()
CRITICAL - 2023-01-04 06:49:31 --> The framework needs the following extension(s) installed and loaded: intl.
in SYSTEMPATH\CodeIgniter.php on line 222.
 1 SYSTEMPATH\CodeIgniter.php(222): CodeIgniter\Exceptions\FrameworkException::forMissingExtension()
 2 SYSTEMPATH\CodeIgniter.php(182): CodeIgniter\CodeIgniter->resolvePlatformExtensions()
 3 ROOTPATH\spark(83): CodeIgniter\CodeIgniter->initialize()
CRITICAL - 2023-01-04 06:49:43 --> The framework needs the following extension(s) installed and loaded: intl.
in SYSTEMPATH\CodeIgniter.php on line 222.
 1 SYSTEMPATH\CodeIgniter.php(222): CodeIgniter\Exceptions\FrameworkException::forMissingExtension()
 2 SYSTEMPATH\CodeIgniter.php(182): CodeIgniter\CodeIgniter->resolvePlatformExtensions()
 3 ROOTPATH\spark(83): CodeIgniter\CodeIgniter->initialize()
CRITICAL - 2023-01-04 06:50:09 --> The framework needs the following extension(s) installed and loaded: intl.
in SYSTEMPATH\CodeIgniter.php on line 222.
 1 SYSTEMPATH\CodeIgniter.php(222): CodeIgniter\Exceptions\FrameworkException::forMissingExtension()
 2 SYSTEMPATH\CodeIgniter.php(182): CodeIgniter\CodeIgniter->resolvePlatformExtensions()
 3 ROOTPATH\spark(83): CodeIgniter\CodeIgniter->initialize()
CRITICAL - 2023-01-04 06:50:27 --> The framework needs the following extension(s) installed and loaded: intl.
in SYSTEMPATH\CodeIgniter.php on line 222.
 1 SYSTEMPATH\CodeIgniter.php(222): CodeIgniter\Exceptions\FrameworkException::forMissingExtension()
 2 SYSTEMPATH\CodeIgniter.php(182): CodeIgniter\CodeIgniter->resolvePlatformExtensions()
 3 ROOTPATH\spark(83): CodeIgniter\CodeIgniter->initialize()
CRITICAL - 2023-01-04 06:50:50 --> The framework needs the following extension(s) installed and loaded: intl.
in SYSTEMPATH\CodeIgniter.php on line 222.
 1 SYSTEMPATH\CodeIgniter.php(222): CodeIgniter\Exceptions\FrameworkException::forMissingExtension()
 2 SYSTEMPATH\CodeIgniter.php(182): CodeIgniter\CodeIgniter->resolvePlatformExtensions()
 3 ROOTPATH\spark(83): CodeIgniter\CodeIgniter->initialize()
CRITICAL - 2023-01-04 06:53:08 --> The framework needs the following extension(s) installed and loaded: intl.
in SYSTEMPATH\CodeIgniter.php on line 222.
 1 SYSTEMPATH\CodeIgniter.php(222): CodeIgniter\Exceptions\FrameworkException::forMissingExtension()
 2 SYSTEMPATH\CodeIgniter.php(182): CodeIgniter\CodeIgniter->resolvePlatformExtensions()
 3 ROOTPATH\spark(83): CodeIgniter\CodeIgniter->initialize()
CRITICAL - 2023-01-04 06:54:02 --> The framework needs the following extension(s) installed and loaded: intl.
in SYSTEMPATH\CodeIgniter.php on line 222.
 1 SYSTEMPATH\CodeIgniter.php(222): CodeIgniter\Exceptions\FrameworkException::forMissingExtension()
 2 SYSTEMPATH\CodeIgniter.php(182): CodeIgniter\CodeIgniter->resolvePlatformExtensions()
 3 ROOTPATH\spark(83): CodeIgniter\CodeIgniter->initialize()
CRITICAL - 2023-01-04 06:55:33 --> The framework needs the following extension(s) installed and loaded: intl.
in SYSTEMPATH\CodeIgniter.php on line 222.
 1 SYSTEMPATH\CodeIgniter.php(222): CodeIgniter\Exceptions\FrameworkException::forMissingExtension()
 2 SYSTEMPATH\CodeIgniter.php(182): CodeIgniter\CodeIgniter->resolvePlatformExtensions()
 3 ROOTPATH\spark(83): CodeIgniter\CodeIgniter->initialize()
CRITICAL - 2023-01-04 07:01:06 --> The framework needs the following extension(s) installed and loaded: intl.
in SYSTEMPATH\CodeIgniter.php on line 222.
 1 SYSTEMPATH\CodeIgniter.php(222): CodeIgniter\Exceptions\FrameworkException::forMissingExtension()
 2 SYSTEMPATH\CodeIgniter.php(182): CodeIgniter\CodeIgniter->resolvePlatformExtensions()
 3 ROOTPATH\spark(83): CodeIgniter\CodeIgniter->initialize()
CRITICAL - 2023-01-04 02:38:57 --> Invalid file: frontend/product.php
in SYSTEMPATH\Exceptions\FrameworkException.php on line 33.
 1 SYSTEMPATH\View\View.php(201): CodeIgniter\Exceptions\FrameworkException::forInvalidFile()
 2 SYSTEMPATH\Common.php(1135): CodeIgniter\View\View->render()
 3 APPPATH\Controllers\ProductController.php(10): view()
 4 SYSTEMPATH\CodeIgniter.php(925): App\Controllers\ProductController->getIndex()
 5 SYSTEMPATH\CodeIgniter.php(480): CodeIgniter\CodeIgniter->runController()
 6 SYSTEMPATH\CodeIgniter.php(349): CodeIgniter\CodeIgniter->handleRequest()
 7 FCPATH\index.php(67): CodeIgniter\CodeIgniter->run()
 8 SYSTEMPATH\Commands\Server\rewrite.php(47): require_once('FCPATH\\index.php')
CRITICAL - 2023-01-04 02:39:04 --> Invalid file: frontend/product.php
in SYSTEMPATH\Exceptions\FrameworkException.php on line 33.
 1 SYSTEMPATH\View\View.php(201): CodeIgniter\Exceptions\FrameworkException::forInvalidFile()
 2 SYSTEMPATH\Common.php(1135): CodeIgniter\View\View->render()
 3 APPPATH\Controllers\ProductController.php(10): view()
 4 SYSTEMPATH\CodeIgniter.php(925): App\Controllers\ProductController->getIndex()
 5 SYSTEMPATH\CodeIgniter.php(480): CodeIgniter\CodeIgniter->runController()
 6 SYSTEMPATH\CodeIgniter.php(349): CodeIgniter\CodeIgniter->handleRequest()
 7 FCPATH\index.php(67): CodeIgniter\CodeIgniter->run()
 8 SYSTEMPATH\Commands\Server\rewrite.php(47): require_once('FCPATH\\index.php')
CRITICAL - 2023-01-04 02:53:26 --> Undefined variable $name
in APPPATH\Views\frontend\product.php on line 12.
 1 APPPATH\Views\frontend\product.php(12): CodeIgniter\Debug\Exceptions->errorHandler()
 2 SYSTEMPATH\View\View.php(213): include('APPPATH\\Views\\frontend\\product.php')
 3 SYSTEMPATH\View\View.php(216): CodeIgniter\View\View->CodeIgniter\View\{closure}()
 4 SYSTEMPATH\Common.php(1135): CodeIgniter\View\View->render()
 5 APPPATH\Controllers\ProductController.php(10): view()
 6 SYSTEMPATH\CodeIgniter.php(925): App\Controllers\ProductController->getIndex()
 7 SYSTEMPATH\CodeIgniter.php(480): CodeIgniter\CodeIgniter->runController()
 8 SYSTEMPATH\CodeIgniter.php(349): CodeIgniter\CodeIgniter->handleRequest()
 9 FCPATH\index.php(67): CodeIgniter\CodeIgniter->run()
10 SYSTEMPATH\Commands\Server\rewrite.php(47): require_once('FCPATH\\index.php')
CRITICAL - 2023-01-04 02:53:30 --> Undefined variable $name
in APPPATH\Views\frontend\product.php on line 12.
 1 APPPATH\Views\frontend\product.php(12): CodeIgniter\Debug\Exceptions->errorHandler()
 2 SYSTEMPATH\View\View.php(213): include('APPPATH\\Views\\frontend\\product.php')
 3 SYSTEMPATH\View\View.php(216): CodeIgniter\View\View->CodeIgniter\View\{closure}()
 4 SYSTEMPATH\Common.php(1135): CodeIgniter\View\View->render()
 5 APPPATH\Controllers\ProductController.php(10): view()
 6 SYSTEMPATH\CodeIgniter.php(925): App\Controllers\ProductController->getIndex()
 7 SYSTEMPATH\CodeIgniter.php(480): CodeIgniter\CodeIgniter->runController()
 8 SYSTEMPATH\CodeIgniter.php(349): CodeIgniter\CodeIgniter->handleRequest()
 9 FCPATH\index.php(67): CodeIgniter\CodeIgniter->run()
10 SYSTEMPATH\Commands\Server\rewrite.php(47): require_once('FCPATH\\index.php')
CRITICAL - 2023-01-04 06:17:38 --> Undefined constant "CodeIgniter\Database\MySQLi\MYSQLI_STORE_RESULT"
in SYSTEMPATH\Database\Database.php on line 136.
 1 SYSTEMPATH\Database\Database.php(56): CodeIgniter\Database\Database->initDriver()
 2 SYSTEMPATH\Database\Config.php(82): CodeIgniter\Database\Database->load()
 3 SYSTEMPATH\Model.php(154): CodeIgniter\Database\Config::connect()
 4 APPPATH\Controllers\StudentController.php(10): CodeIgniter\Model->__construct()
 5 SYSTEMPATH\CodeIgniter.php(925): App\Controllers\StudentController->index()
 6 SYSTEMPATH\CodeIgniter.php(480): CodeIgniter\CodeIgniter->runController()
 7 SYSTEMPATH\CodeIgniter.php(349): CodeIgniter\CodeIgniter->handleRequest()
 8 FCPATH\index.php(67): CodeIgniter\CodeIgniter->run()
 9 SYSTEMPATH\Commands\Server\rewrite.php(47): require_once('FCPATH\\index.php')
CRITICAL - 2023-01-04 06:17:57 --> Undefined constant "CodeIgniter\Database\MySQLi\MYSQLI_STORE_RESULT"
in SYSTEMPATH\Database\Database.php on line 136.
 1 SYSTEMPATH\Database\Database.php(56): CodeIgniter\Database\Database->initDriver()
 2 SYSTEMPATH\Database\Config.php(82): CodeIgniter\Database\Database->load()
 3 SYSTEMPATH\Model.php(154): CodeIgniter\Database\Config::connect()
 4 APPPATH\Controllers\StudentController.php(10): CodeIgniter\Model->__construct()
 5 SYSTEMPATH\CodeIgniter.php(925): App\Controllers\StudentController->index()
 6 SYSTEMPATH\CodeIgniter.php(480): CodeIgniter\CodeIgniter->runController()
 7 SYSTEMPATH\CodeIgniter.php(349): CodeIgniter\CodeIgniter->handleRequest()
 8 FCPATH\index.php(67): CodeIgniter\CodeIgniter->run()
 9 SYSTEMPATH\Commands\Server\rewrite.php(47): require_once('FCPATH\\index.php')
CRITICAL - 2023-01-04 06:17:59 --> Undefined constant "CodeIgniter\Database\MySQLi\MYSQLI_STORE_RESULT"
in SYSTEMPATH\Database\Database.php on line 136.
 1 SYSTEMPATH\Database\Database.php(56): CodeIgniter\Database\Database->initDriver()
 2 SYSTEMPATH\Database\Config.php(82): CodeIgniter\Database\Database->load()
 3 SYSTEMPATH\Model.php(154): CodeIgniter\Database\Config::connect()
 4 APPPATH\Controllers\StudentController.php(10): CodeIgniter\Model->__construct()
 5 SYSTEMPATH\CodeIgniter.php(925): App\Controllers\StudentController->index()
 6 SYSTEMPATH\CodeIgniter.php(480): CodeIgniter\CodeIgniter->runController()
 7 SYSTEMPATH\CodeIgniter.php(349): CodeIgniter\CodeIgniter->handleRequest()
 8 FCPATH\index.php(67): CodeIgniter\CodeIgniter->run()
 9 SYSTEMPATH\Commands\Server\rewrite.php(47): require_once('FCPATH\\index.php')
CRITICAL - 2023-01-04 06:21:02 --> Undefined constant "CodeIgniter\Database\MySQLi\MYSQLI_STORE_RESULT"
in SYSTEMPATH\Database\Database.php on line 136.
 1 SYSTEMPATH\Database\Database.php(56): CodeIgniter\Database\Database->initDriver()
 2 SYSTEMPATH\Database\Config.php(82): CodeIgniter\Database\Database->load()
 3 SYSTEMPATH\Model.php(154): CodeIgniter\Database\Config::connect()
 4 APPPATH\Controllers\StudentController.php(10): CodeIgniter\Model->__construct()
 5 SYSTEMPATH\CodeIgniter.php(925): App\Controllers\StudentController->index()
 6 SYSTEMPATH\CodeIgniter.php(480): CodeIgniter\CodeIgniter->runController()
 7 SYSTEMPATH\CodeIgniter.php(349): CodeIgniter\CodeIgniter->handleRequest()
 8 FCPATH\index.php(67): CodeIgniter\CodeIgniter->run()
 9 SYSTEMPATH\Commands\Server\rewrite.php(47): require_once('FCPATH\\index.php')
CRITICAL - 2023-01-04 06:21:04 --> Undefined constant "CodeIgniter\Database\MySQLi\MYSQLI_STORE_RESULT"
in SYSTEMPATH\Database\Database.php on line 136.
 1 SYSTEMPATH\Database\Database.php(56): CodeIgniter\Database\Database->initDriver()
 2 SYSTEMPATH\Database\Config.php(82): CodeIgniter\Database\Database->load()
 3 SYSTEMPATH\Model.php(154): CodeIgniter\Database\Config::connect()
 4 APPPATH\Controllers\StudentController.php(10): CodeIgniter\Model->__construct()
 5 SYSTEMPATH\CodeIgniter.php(925): App\Controllers\StudentController->index()
 6 SYSTEMPATH\CodeIgniter.php(480): CodeIgniter\CodeIgniter->runController()
 7 SYSTEMPATH\CodeIgniter.php(349): CodeIgniter\CodeIgniter->handleRequest()
 8 FCPATH\index.php(67): CodeIgniter\CodeIgniter->run()
 9 SYSTEMPATH\Commands\Server\rewrite.php(47): require_once('FCPATH\\index.php')
CRITICAL - 2023-01-04 06:21:04 --> Undefined constant "CodeIgniter\Database\MySQLi\MYSQLI_STORE_RESULT"
in SYSTEMPATH\Database\Database.php on line 136.
 1 SYSTEMPATH\Database\Database.php(56): CodeIgniter\Database\Database->initDriver()
 2 SYSTEMPATH\Database\Config.php(82): CodeIgniter\Database\Database->load()
 3 SYSTEMPATH\Model.php(154): CodeIgniter\Database\Config::connect()
 4 APPPATH\Controllers\StudentController.php(10): CodeIgniter\Model->__construct()
 5 SYSTEMPATH\CodeIgniter.php(925): App\Controllers\StudentController->index()
 6 SYSTEMPATH\CodeIgniter.php(480): CodeIgniter\CodeIgniter->runController()
 7 SYSTEMPATH\CodeIgniter.php(349): CodeIgniter\CodeIgniter->handleRequest()
 8 FCPATH\index.php(67): CodeIgniter\CodeIgniter->run()
 9 SYSTEMPATH\Commands\Server\rewrite.php(47): require_once('FCPATH\\index.php')
CRITICAL - 2023-01-04 06:23:24 --> Undefined constant "CodeIgniter\Database\MySQLi\MYSQLI_STORE_RESULT"
in SYSTEMPATH\Database\Database.php on line 136.
 1 SYSTEMPATH\Database\Database.php(56): CodeIgniter\Database\Database->initDriver()
 2 SYSTEMPATH\Database\Config.php(82): CodeIgniter\Database\Database->load()
 3 SYSTEMPATH\Model.php(154): CodeIgniter\Database\Config::connect()
 4 APPPATH\Controllers\StudentController.php(10): CodeIgniter\Model->__construct()
 5 SYSTEMPATH\CodeIgniter.php(925): App\Controllers\StudentController->index()
 6 SYSTEMPATH\CodeIgniter.php(480): CodeIgniter\CodeIgniter->runController()
 7 SYSTEMPATH\CodeIgniter.php(349): CodeIgniter\CodeIgniter->handleRequest()
 8 FCPATH\index.php(67): CodeIgniter\CodeIgniter->run()
 9 SYSTEMPATH\Commands\Server\rewrite.php(47): require_once('FCPATH\\index.php')
CRITICAL - 2023-01-04 06:26:37 --> Undefined constant "CodeIgniter\Database\MySQLi\MYSQLI_STORE_RESULT"
in SYSTEMPATH\Database\Database.php on line 136.
 1 SYSTEMPATH\Database\Database.php(56): CodeIgniter\Database\Database->initDriver()
 2 SYSTEMPATH\Database\Config.php(82): CodeIgniter\Database\Database->load()
 3 SYSTEMPATH\Model.php(154): CodeIgniter\Database\Config::connect()
 4 APPPATH\Controllers\StudentController.php(10): CodeIgniter\Model->__construct()
 5 SYSTEMPATH\CodeIgniter.php(925): App\Controllers\StudentController->index()
 6 SYSTEMPATH\CodeIgniter.php(480): CodeIgniter\CodeIgniter->runController()
 7 SYSTEMPATH\CodeIgniter.php(349): CodeIgniter\CodeIgniter->handleRequest()
 8 FCPATH\index.php(67): CodeIgniter\CodeIgniter->run()
 9 SYSTEMPATH\Commands\Server\rewrite.php(47): require_once('FCPATH\\index.php')
CRITICAL - 2023-01-04 06:26:38 --> Undefined constant "CodeIgniter\Database\MySQLi\MYSQLI_STORE_RESULT"
in SYSTEMPATH\Database\Database.php on line 136.
 1 SYSTEMPATH\Database\Database.php(56): CodeIgniter\Database\Database->initDriver()
 2 SYSTEMPATH\Database\Config.php(82): CodeIgniter\Database\Database->load()
 3 SYSTEMPATH\Model.php(154): CodeIgniter\Database\Config::connect()
 4 APPPATH\Controllers\StudentController.php(10): CodeIgniter\Model->__construct()
 5 SYSTEMPATH\CodeIgniter.php(925): App\Controllers\StudentController->index()
 6 SYSTEMPATH\CodeIgniter.php(480): CodeIgniter\CodeIgniter->runController()
 7 SYSTEMPATH\CodeIgniter.php(349): CodeIgniter\CodeIgniter->handleRequest()
 8 FCPATH\index.php(67): CodeIgniter\CodeIgniter->run()
 9 SYSTEMPATH\Commands\Server\rewrite.php(47): require_once('FCPATH\\index.php')
CRITICAL - 2023-01-04 06:26:42 --> Undefined constant "CodeIgniter\Database\MySQLi\MYSQLI_STORE_RESULT"
in SYSTEMPATH\Database\Database.php on line 136.
 1 SYSTEMPATH\Database\Database.php(56): CodeIgniter\Database\Database->initDriver()
 2 SYSTEMPATH\Database\Config.php(82): CodeIgniter\Database\Database->load()
 3 SYSTEMPATH\Model.php(154): CodeIgniter\Database\Config::connect()
 4 APPPATH\Controllers\StudentController.php(10): CodeIgniter\Model->__construct()
 5 SYSTEMPATH\CodeIgniter.php(925): App\Controllers\StudentController->index()
 6 SYSTEMPATH\CodeIgniter.php(480): CodeIgniter\CodeIgniter->runController()
 7 SYSTEMPATH\CodeIgniter.php(349): CodeIgniter\CodeIgniter->handleRequest()
 8 FCPATH\index.php(67): CodeIgniter\CodeIgniter->run()
 9 SYSTEMPATH\Commands\Server\rewrite.php(47): require_once('FCPATH\\index.php')
CRITICAL - 2023-01-04 06:32:20 --> Undefined constant "CodeIgniter\Database\MySQLi\MYSQLI_STORE_RESULT"
in SYSTEMPATH\Database\Database.php on line 136.
 1 SYSTEMPATH\Database\Database.php(56): CodeIgniter\Database\Database->initDriver()
 2 SYSTEMPATH\Database\Config.php(82): CodeIgniter\Database\Database->load()
 3 SYSTEMPATH\Model.php(154): CodeIgniter\Database\Config::connect()
 4 APPPATH\Controllers\StudentController.php(10): CodeIgniter\Model->__construct()
 5 SYSTEMPATH\CodeIgniter.php(925): App\Controllers\StudentController->index()
 6 SYSTEMPATH\CodeIgniter.php(480): CodeIgniter\CodeIgniter->runController()
 7 SYSTEMPATH\CodeIgniter.php(349): CodeIgniter\CodeIgniter->handleRequest()
 8 FCPATH\index.php(67): CodeIgniter\CodeIgniter->run()
 9 SYSTEMPATH\Commands\Server\rewrite.php(47): require_once('FCPATH\\index.php')
CRITICAL - 2023-01-04 06:32:22 --> Undefined constant "CodeIgniter\Database\MySQLi\MYSQLI_STORE_RESULT"
in SYSTEMPATH\Database\Database.php on line 136.
 1 SYSTEMPATH\Database\Database.php(56): CodeIgniter\Database\Database->initDriver()
 2 SYSTEMPATH\Database\Config.php(82): CodeIgniter\Database\Database->load()
 3 SYSTEMPATH\Model.php(154): CodeIgniter\Database\Config::connect()
 4 APPPATH\Controllers\StudentController.php(10): CodeIgniter\Model->__construct()
 5 SYSTEMPATH\CodeIgniter.php(925): App\Controllers\StudentController->index()
 6 SYSTEMPATH\CodeIgniter.php(480): CodeIgniter\CodeIgniter->runController()
 7 SYSTEMPATH\CodeIgniter.php(349): CodeIgniter\CodeIgniter->handleRequest()
 8 FCPATH\index.php(67): CodeIgniter\CodeIgniter->run()
 9 SYSTEMPATH\Commands\Server\rewrite.php(47): require_once('FCPATH\\index.php')
CRITICAL - 2023-01-04 06:32:23 --> Undefined constant "CodeIgniter\Database\MySQLi\MYSQLI_STORE_RESULT"
in SYSTEMPATH\Database\Database.php on line 136.
 1 SYSTEMPATH\Database\Database.php(56): CodeIgniter\Database\Database->initDriver()
 2 SYSTEMPATH\Database\Config.php(82): CodeIgniter\Database\Database->load()
 3 SYSTEMPATH\Model.php(154): CodeIgniter\Database\Config::connect()
 4 APPPATH\Controllers\StudentController.php(10): CodeIgniter\Model->__construct()
 5 SYSTEMPATH\CodeIgniter.php(925): App\Controllers\StudentController->index()
 6 SYSTEMPATH\CodeIgniter.php(480): CodeIgniter\CodeIgniter->runController()
 7 SYSTEMPATH\CodeIgniter.php(349): CodeIgniter\CodeIgniter->handleRequest()
 8 FCPATH\index.php(67): CodeIgniter\CodeIgniter->run()
 9 SYSTEMPATH\Commands\Server\rewrite.php(47): require_once('FCPATH\\index.php')
CRITICAL - 2023-01-04 06:32:24 --> Undefined constant "CodeIgniter\Database\MySQLi\MYSQLI_STORE_RESULT"
in SYSTEMPATH\Database\Database.php on line 136.
 1 SYSTEMPATH\Database\Database.php(56): CodeIgniter\Database\Database->initDriver()
 2 SYSTEMPATH\Database\Config.php(82): CodeIgniter\Database\Database->load()
 3 SYSTEMPATH\Model.php(154): CodeIgniter\Database\Config::connect()
 4 APPPATH\Controllers\StudentController.php(10): CodeIgniter\Model->__construct()
 5 SYSTEMPATH\CodeIgniter.php(925): App\Controllers\StudentController->index()
 6 SYSTEMPATH\CodeIgniter.php(480): CodeIgniter\CodeIgniter->runController()
 7 SYSTEMPATH\CodeIgniter.php(349): CodeIgniter\CodeIgniter->handleRequest()
 8 FCPATH\index.php(67): CodeIgniter\CodeIgniter->run()
 9 SYSTEMPATH\Commands\Server\rewrite.php(47): require_once('FCPATH\\index.php')
CRITICAL - 2023-01-04 06:32:25 --> Undefined constant "CodeIgniter\Database\MySQLi\MYSQLI_STORE_RESULT"
in SYSTEMPATH\Database\Database.php on line 136.
 1 SYSTEMPATH\Database\Database.php(56): CodeIgniter\Database\Database->initDriver()
 2 SYSTEMPATH\Database\Config.php(82): CodeIgniter\Database\Database->load()
 3 SYSTEMPATH\Model.php(154): CodeIgniter\Database\Config::connect()
 4 APPPATH\Controllers\StudentController.php(10): CodeIgniter\Model->__construct()
 5 SYSTEMPATH\CodeIgniter.php(925): App\Controllers\StudentController->index()
 6 SYSTEMPATH\CodeIgniter.php(480): CodeIgniter\CodeIgniter->runController()
 7 SYSTEMPATH\CodeIgniter.php(349): CodeIgniter\CodeIgniter->handleRequest()
 8 FCPATH\index.php(67): CodeIgniter\CodeIgniter->run()
 9 SYSTEMPATH\Commands\Server\rewrite.php(47): require_once('FCPATH\\index.php')
CRITICAL - 2023-01-04 06:32:25 --> Undefined constant "CodeIgniter\Database\MySQLi\MYSQLI_STORE_RESULT"
in SYSTEMPATH\Database\Database.php on line 136.
 1 SYSTEMPATH\Database\Database.php(56): CodeIgniter\Database\Database->initDriver()
 2 SYSTEMPATH\Database\Config.php(82): CodeIgniter\Database\Database->load()
 3 SYSTEMPATH\Model.php(154): CodeIgniter\Database\Config::connect()
 4 APPPATH\Controllers\StudentController.php(10): CodeIgniter\Model->__construct()
 5 SYSTEMPATH\CodeIgniter.php(925): App\Controllers\StudentController->index()
 6 SYSTEMPATH\CodeIgniter.php(480): CodeIgniter\CodeIgniter->runController()
 7 SYSTEMPATH\CodeIgniter.php(349): CodeIgniter\CodeIgniter->handleRequest()
 8 FCPATH\index.php(67): CodeIgniter\CodeIgniter->run()
 9 SYSTEMPATH\Commands\Server\rewrite.php(47): require_once('FCPATH\\index.php')
CRITICAL - 2023-01-04 06:32:26 --> Undefined constant "CodeIgniter\Database\MySQLi\MYSQLI_STORE_RESULT"
in SYSTEMPATH\Database\Database.php on line 136.
 1 SYSTEMPATH\Database\Database.php(56): CodeIgniter\Database\Database->initDriver()
 2 SYSTEMPATH\Database\Config.php(82): CodeIgniter\Database\Database->load()
 3 SYSTEMPATH\Model.php(154): CodeIgniter\Database\Config::connect()
 4 APPPATH\Controllers\StudentController.php(10): CodeIgniter\Model->__construct()
 5 SYSTEMPATH\CodeIgniter.php(925): App\Controllers\StudentController->index()
 6 SYSTEMPATH\CodeIgniter.php(480): CodeIgniter\CodeIgniter->runController()
 7 SYSTEMPATH\CodeIgniter.php(349): CodeIgniter\CodeIgniter->handleRequest()
 8 FCPATH\index.php(67): CodeIgniter\CodeIgniter->run()
 9 SYSTEMPATH\Commands\Server\rewrite.php(47): require_once('FCPATH\\index.php')
CRITICAL - 2023-01-04 06:32:26 --> Undefined constant "CodeIgniter\Database\MySQLi\MYSQLI_STORE_RESULT"
in SYSTEMPATH\Database\Database.php on line 136.
 1 SYSTEMPATH\Database\Database.php(56): CodeIgniter\Database\Database->initDriver()
 2 SYSTEMPATH\Database\Config.php(82): CodeIgniter\Database\Database->load()
 3 SYSTEMPATH\Model.php(154): CodeIgniter\Database\Config::connect()
 4 APPPATH\Controllers\StudentController.php(10): CodeIgniter\Model->__construct()
 5 SYSTEMPATH\CodeIgniter.php(925): App\Controllers\StudentController->index()
 6 SYSTEMPATH\CodeIgniter.php(480): CodeIgniter\CodeIgniter->runController()
 7 SYSTEMPATH\CodeIgniter.php(349): CodeIgniter\CodeIgniter->handleRequest()
 8 FCPATH\index.php(67): CodeIgniter\CodeIgniter->run()
 9 SYSTEMPATH\Commands\Server\rewrite.php(47): require_once('FCPATH\\index.php')
CRITICAL - 2023-01-04 06:32:27 --> Undefined constant "CodeIgniter\Database\MySQLi\MYSQLI_STORE_RESULT"
in SYSTEMPATH\Database\Database.php on line 136.
 1 SYSTEMPATH\Database\Database.php(56): CodeIgniter\Database\Database->initDriver()
 2 SYSTEMPATH\Database\Config.php(82): CodeIgniter\Database\Database->load()
 3 SYSTEMPATH\Model.php(154): CodeIgniter\Database\Config::connect()
 4 APPPATH\Controllers\StudentController.php(10): CodeIgniter\Model->__construct()
 5 SYSTEMPATH\CodeIgniter.php(925): App\Controllers\StudentController->index()
 6 SYSTEMPATH\CodeIgniter.php(480): CodeIgniter\CodeIgniter->runController()
 7 SYSTEMPATH\CodeIgniter.php(349): CodeIgniter\CodeIgniter->handleRequest()
 8 FCPATH\index.php(67): CodeIgniter\CodeIgniter->run()
 9 SYSTEMPATH\Commands\Server\rewrite.php(47): require_once('FCPATH\\index.php')
CRITICAL - 2023-01-04 06:32:27 --> Undefined constant "CodeIgniter\Database\MySQLi\MYSQLI_STORE_RESULT"
in SYSTEMPATH\Database\Database.php on line 136.
 1 SYSTEMPATH\Database\Database.php(56): CodeIgniter\Database\Database->initDriver()
 2 SYSTEMPATH\Database\Config.php(82): CodeIgniter\Database\Database->load()
 3 SYSTEMPATH\Model.php(154): CodeIgniter\Database\Config::connect()
 4 APPPATH\Controllers\StudentController.php(10): CodeIgniter\Model->__construct()
 5 SYSTEMPATH\CodeIgniter.php(925): App\Controllers\StudentController->index()
 6 SYSTEMPATH\CodeIgniter.php(480): CodeIgniter\CodeIgniter->runController()
 7 SYSTEMPATH\CodeIgniter.php(349): CodeIgniter\CodeIgniter->handleRequest()
 8 FCPATH\index.php(67): CodeIgniter\CodeIgniter->run()
 9 SYSTEMPATH\Commands\Server\rewrite.php(47): require_once('FCPATH\\index.php')
CRITICAL - 2023-01-04 06:35:03 --> Undefined constant "CodeIgniter\Database\MySQLi\MYSQLI_STORE_RESULT"
in SYSTEMPATH\Database\Database.php on line 136.
 1 SYSTEMPATH\Database\Database.php(56): CodeIgniter\Database\Database->initDriver()
 2 SYSTEMPATH\Database\Config.php(82): CodeIgniter\Database\Database->load()
 3 SYSTEMPATH\Model.php(154): CodeIgniter\Database\Config::connect()
 4 APPPATH\Controllers\StudentController.php(10): CodeIgniter\Model->__construct()
 5 SYSTEMPATH\CodeIgniter.php(925): App\Controllers\StudentController->index()
 6 SYSTEMPATH\CodeIgniter.php(480): CodeIgniter\CodeIgniter->runController()
 7 SYSTEMPATH\CodeIgniter.php(349): CodeIgniter\CodeIgniter->handleRequest()
 8 FCPATH\index.php(67): CodeIgniter\CodeIgniter->run()
 9 SYSTEMPATH\Commands\Server\rewrite.php(47): require_once('FCPATH\\index.php')
CRITICAL - 2023-01-04 06:39:19 --> Undefined constant "CodeIgniter\Database\MySQLi\MYSQLI_STORE_RESULT"
in SYSTEMPATH\Database\Database.php on line 136.
 1 SYSTEMPATH\Database\Database.php(56): CodeIgniter\Database\Database->initDriver()
 2 SYSTEMPATH\Database\Config.php(82): CodeIgniter\Database\Database->load()
 3 SYSTEMPATH\Model.php(154): CodeIgniter\Database\Config::connect()
 4 APPPATH\Controllers\StudentController.php(10): CodeIgniter\Model->__construct()
 5 SYSTEMPATH\CodeIgniter.php(925): App\Controllers\StudentController->index()
 6 SYSTEMPATH\CodeIgniter.php(480): CodeIgniter\CodeIgniter->runController()
 7 SYSTEMPATH\CodeIgniter.php(349): CodeIgniter\CodeIgniter->handleRequest()
 8 FCPATH\index.php(67): CodeIgniter\CodeIgniter->run()
 9 SYSTEMPATH\Commands\Server\rewrite.php(47): require_once('FCPATH\\index.php')
CRITICAL - 2023-01-04 06:39:23 --> Undefined constant "CodeIgniter\Database\MySQLi\MYSQLI_STORE_RESULT"
in SYSTEMPATH\Database\Database.php on line 136.
 1 SYSTEMPATH\Database\Database.php(56): CodeIgniter\Database\Database->initDriver()
 2 SYSTEMPATH\Database\Config.php(82): CodeIgniter\Database\Database->load()
 3 SYSTEMPATH\Model.php(154): CodeIgniter\Database\Config::connect()
 4 APPPATH\Controllers\StudentController.php(10): CodeIgniter\Model->__construct()
 5 SYSTEMPATH\CodeIgniter.php(925): App\Controllers\StudentController->index()
 6 SYSTEMPATH\CodeIgniter.php(480): CodeIgniter\CodeIgniter->runController()
 7 SYSTEMPATH\CodeIgniter.php(349): CodeIgniter\CodeIgniter->handleRequest()
 8 FCPATH\index.php(67): CodeIgniter\CodeIgniter->run()
 9 SYSTEMPATH\Commands\Server\rewrite.php(47): require_once('FCPATH\\index.php')
CRITICAL - 2023-01-04 06:39:23 --> Undefined constant "CodeIgniter\Database\MySQLi\MYSQLI_STORE_RESULT"
in SYSTEMPATH\Database\Database.php on line 136.
 1 SYSTEMPATH\Database\Database.php(56): CodeIgniter\Database\Database->initDriver()
 2 SYSTEMPATH\Database\Config.php(82): CodeIgniter\Database\Database->load()
 3 SYSTEMPATH\Model.php(154): CodeIgniter\Database\Config::connect()
 4 APPPATH\Controllers\StudentController.php(10): CodeIgniter\Model->__construct()
 5 SYSTEMPATH\CodeIgniter.php(925): App\Controllers\StudentController->index()
 6 SYSTEMPATH\CodeIgniter.php(480): CodeIgniter\CodeIgniter->runController()
 7 SYSTEMPATH\CodeIgniter.php(349): CodeIgniter\CodeIgniter->handleRequest()
 8 FCPATH\index.php(67): CodeIgniter\CodeIgniter->run()
 9 SYSTEMPATH\Commands\Server\rewrite.php(47): require_once('FCPATH\\index.php')
CRITICAL - 2023-01-04 06:39:24 --> Undefined constant "CodeIgniter\Database\MySQLi\MYSQLI_STORE_RESULT"
in SYSTEMPATH\Database\Database.php on line 136.
 1 SYSTEMPATH\Database\Database.php(56): CodeIgniter\Database\Database->initDriver()
 2 SYSTEMPATH\Database\Config.php(82): CodeIgniter\Database\Database->load()
 3 SYSTEMPATH\Model.php(154): CodeIgniter\Database\Config::connect()
 4 APPPATH\Controllers\StudentController.php(10): CodeIgniter\Model->__construct()
 5 SYSTEMPATH\CodeIgniter.php(925): App\Controllers\StudentController->index()
 6 SYSTEMPATH\CodeIgniter.php(480): CodeIgniter\CodeIgniter->runController()
 7 SYSTEMPATH\CodeIgniter.php(349): CodeIgniter\CodeIgniter->handleRequest()
 8 FCPATH\index.php(67): CodeIgniter\CodeIgniter->run()
 9 SYSTEMPATH\Commands\Server\rewrite.php(47): require_once('FCPATH\\index.php')
CRITICAL - 2023-01-04 06:39:25 --> Undefined constant "CodeIgniter\Database\MySQLi\MYSQLI_STORE_RESULT"
in SYSTEMPATH\Database\Database.php on line 136.
 1 SYSTEMPATH\Database\Database.php(56): CodeIgniter\Database\Database->initDriver()
 2 SYSTEMPATH\Database\Config.php(82): CodeIgniter\Database\Database->load()
 3 SYSTEMPATH\Model.php(154): CodeIgniter\Database\Config::connect()
 4 APPPATH\Controllers\StudentController.php(10): CodeIgniter\Model->__construct()
 5 SYSTEMPATH\CodeIgniter.php(925): App\Controllers\StudentController->index()
 6 SYSTEMPATH\CodeIgniter.php(480): CodeIgniter\CodeIgniter->runController()
 7 SYSTEMPATH\CodeIgniter.php(349): CodeIgniter\CodeIgniter->handleRequest()
 8 FCPATH\index.php(67): CodeIgniter\CodeIgniter->run()
 9 SYSTEMPATH\Commands\Server\rewrite.php(47): require_once('FCPATH\\index.php')
CRITICAL - 2023-01-04 06:39:44 --> Undefined constant "CodeIgniter\Database\MySQLi\MYSQLI_STORE_RESULT"
in SYSTEMPATH\Database\Database.php on line 136.
 1 SYSTEMPATH\Database\Database.php(56): CodeIgniter\Database\Database->initDriver()
 2 SYSTEMPATH\Database\Config.php(82): CodeIgniter\Database\Database->load()
 3 SYSTEMPATH\Model.php(154): CodeIgniter\Database\Config::connect()
 4 APPPATH\Controllers\StudentController.php(10): CodeIgniter\Model->__construct()
 5 SYSTEMPATH\CodeIgniter.php(925): App\Controllers\StudentController->index()
 6 SYSTEMPATH\CodeIgniter.php(480): CodeIgniter\CodeIgniter->runController()
 7 SYSTEMPATH\CodeIgniter.php(349): CodeIgniter\CodeIgniter->handleRequest()
 8 FCPATH\index.php(67): CodeIgniter\CodeIgniter->run()
 9 SYSTEMPATH\Commands\Server\rewrite.php(47): require_once('FCPATH\\index.php')
CRITICAL - 2023-01-04 06:39:46 --> Undefined constant "CodeIgniter\Database\MySQLi\MYSQLI_STORE_RESULT"
in SYSTEMPATH\Database\Database.php on line 136.
 1 SYSTEMPATH\Database\Database.php(56): CodeIgniter\Database\Database->initDriver()
 2 SYSTEMPATH\Database\Config.php(82): CodeIgniter\Database\Database->load()
 3 SYSTEMPATH\Model.php(154): CodeIgniter\Database\Config::connect()
 4 APPPATH\Controllers\StudentController.php(10): CodeIgniter\Model->__construct()
 5 SYSTEMPATH\CodeIgniter.php(925): App\Controllers\StudentController->index()
 6 SYSTEMPATH\CodeIgniter.php(480): CodeIgniter\CodeIgniter->runController()
 7 SYSTEMPATH\CodeIgniter.php(349): CodeIgniter\CodeIgniter->handleRequest()
 8 FCPATH\index.php(67): CodeIgniter\CodeIgniter->run()
 9 SYSTEMPATH\Commands\Server\rewrite.php(47): require_once('FCPATH\\index.php')
CRITICAL - 2023-01-04 06:39:47 --> Undefined constant "CodeIgniter\Database\MySQLi\MYSQLI_STORE_RESULT"
in SYSTEMPATH\Database\Database.php on line 136.
 1 SYSTEMPATH\Database\Database.php(56): CodeIgniter\Database\Database->initDriver()
 2 SYSTEMPATH\Database\Config.php(82): CodeIgniter\Database\Database->load()
 3 SYSTEMPATH\Model.php(154): CodeIgniter\Database\Config::connect()
 4 APPPATH\Controllers\StudentController.php(10): CodeIgniter\Model->__construct()
 5 SYSTEMPATH\CodeIgniter.php(925): App\Controllers\StudentController->index()
 6 SYSTEMPATH\CodeIgniter.php(480): CodeIgniter\CodeIgniter->runController()
 7 SYSTEMPATH\CodeIgniter.php(349): CodeIgniter\CodeIgniter->handleRequest()
 8 FCPATH\index.php(67): CodeIgniter\CodeIgniter->run()
 9 SYSTEMPATH\Commands\Server\rewrite.php(47): require_once('FCPATH\\index.php')
CRITICAL - 2023-01-04 06:39:47 --> Undefined constant "CodeIgniter\Database\MySQLi\MYSQLI_STORE_RESULT"
in SYSTEMPATH\Database\Database.php on line 136.
 1 SYSTEMPATH\Database\Database.php(56): CodeIgniter\Database\Database->initDriver()
 2 SYSTEMPATH\Database\Config.php(82): CodeIgniter\Database\Database->load()
 3 SYSTEMPATH\Model.php(154): CodeIgniter\Database\Config::connect()
 4 APPPATH\Controllers\StudentController.php(10): CodeIgniter\Model->__construct()
 5 SYSTEMPATH\CodeIgniter.php(925): App\Controllers\StudentController->index()
 6 SYSTEMPATH\CodeIgniter.php(480): CodeIgniter\CodeIgniter->runController()
 7 SYSTEMPATH\CodeIgniter.php(349): CodeIgniter\CodeIgniter->handleRequest()
 8 FCPATH\index.php(67): CodeIgniter\CodeIgniter->run()
 9 SYSTEMPATH\Commands\Server\rewrite.php(47): require_once('FCPATH\\index.php')
CRITICAL - 2023-01-04 06:39:48 --> Undefined constant "CodeIgniter\Database\MySQLi\MYSQLI_STORE_RESULT"
in SYSTEMPATH\Database\Database.php on line 136.
 1 SYSTEMPATH\Database\Database.php(56): CodeIgniter\Database\Database->initDriver()
 2 SYSTEMPATH\Database\Config.php(82): CodeIgniter\Database\Database->load()
 3 SYSTEMPATH\Model.php(154): CodeIgniter\Database\Config::connect()
 4 APPPATH\Controllers\StudentController.php(10): CodeIgniter\Model->__construct()
 5 SYSTEMPATH\CodeIgniter.php(925): App\Controllers\StudentController->index()
 6 SYSTEMPATH\CodeIgniter.php(480): CodeIgniter\CodeIgniter->runController()
 7 SYSTEMPATH\CodeIgniter.php(349): CodeIgniter\CodeIgniter->handleRequest()
 8 FCPATH\index.php(67): CodeIgniter\CodeIgniter->run()
 9 SYSTEMPATH\Commands\Server\rewrite.php(47): require_once('FCPATH\\index.php')
CRITICAL - 2023-01-04 06:39:48 --> Undefined constant "CodeIgniter\Database\MySQLi\MYSQLI_STORE_RESULT"
in SYSTEMPATH\Database\Database.php on line 136.
 1 SYSTEMPATH\Database\Database.php(56): CodeIgniter\Database\Database->initDriver()
 2 SYSTEMPATH\Database\Config.php(82): CodeIgniter\Database\Database->load()
 3 SYSTEMPATH\Model.php(154): CodeIgniter\Database\Config::connect()
 4 APPPATH\Controllers\StudentController.php(10): CodeIgniter\Model->__construct()
 5 SYSTEMPATH\CodeIgniter.php(925): App\Controllers\StudentController->index()
 6 SYSTEMPATH\CodeIgniter.php(480): CodeIgniter\CodeIgniter->runController()
 7 SYSTEMPATH\CodeIgniter.php(349): CodeIgniter\CodeIgniter->handleRequest()
 8 FCPATH\index.php(67): CodeIgniter\CodeIgniter->run()
 9 SYSTEMPATH\Commands\Server\rewrite.php(47): require_once('FCPATH\\index.php')
CRITICAL - 2023-01-04 06:39:48 --> Undefined constant "CodeIgniter\Database\MySQLi\MYSQLI_STORE_RESULT"
in SYSTEMPATH\Database\Database.php on line 136.
 1 SYSTEMPATH\Database\Database.php(56): CodeIgniter\Database\Database->initDriver()
 2 SYSTEMPATH\Database\Config.php(82): CodeIgniter\Database\Database->load()
 3 SYSTEMPATH\Model.php(154): CodeIgniter\Database\Config::connect()
 4 APPPATH\Controllers\StudentController.php(10): CodeIgniter\Model->__construct()
 5 SYSTEMPATH\CodeIgniter.php(925): App\Controllers\StudentController->index()
 6 SYSTEMPATH\CodeIgniter.php(480): CodeIgniter\CodeIgniter->runController()
 7 SYSTEMPATH\CodeIgniter.php(349): CodeIgniter\CodeIgniter->handleRequest()
 8 FCPATH\index.php(67): CodeIgniter\CodeIgniter->run()
 9 SYSTEMPATH\Commands\Server\rewrite.php(47): require_once('FCPATH\\index.php')
CRITICAL - 2023-01-04 06:39:49 --> Undefined constant "CodeIgniter\Database\MySQLi\MYSQLI_STORE_RESULT"
in SYSTEMPATH\Database\Database.php on line 136.
 1 SYSTEMPATH\Database\Database.php(56): CodeIgniter\Database\Database->initDriver()
 2 SYSTEMPATH\Database\Config.php(82): CodeIgniter\Database\Database->load()
 3 SYSTEMPATH\Model.php(154): CodeIgniter\Database\Config::connect()
 4 APPPATH\Controllers\StudentController.php(10): CodeIgniter\Model->__construct()
 5 SYSTEMPATH\CodeIgniter.php(925): App\Controllers\StudentController->index()
 6 SYSTEMPATH\CodeIgniter.php(480): CodeIgniter\CodeIgniter->runController()
 7 SYSTEMPATH\CodeIgniter.php(349): CodeIgniter\CodeIgniter->handleRequest()
 8 FCPATH\index.php(67): CodeIgniter\CodeIgniter->run()
 9 SYSTEMPATH\Commands\Server\rewrite.php(47): require_once('FCPATH\\index.php')
CRITICAL - 2023-01-04 06:39:49 --> Undefined constant "CodeIgniter\Database\MySQLi\MYSQLI_STORE_RESULT"
in SYSTEMPATH\Database\Database.php on line 136.
 1 SYSTEMPATH\Database\Database.php(56): CodeIgniter\Database\Database->initDriver()
 2 SYSTEMPATH\Database\Config.php(82): CodeIgniter\Database\Database->load()
 3 SYSTEMPATH\Model.php(154): CodeIgniter\Database\Config::connect()
 4 APPPATH\Controllers\StudentController.php(10): CodeIgniter\Model->__construct()
 5 SYSTEMPATH\CodeIgniter.php(925): App\Controllers\StudentController->index()
 6 SYSTEMPATH\CodeIgniter.php(480): CodeIgniter\CodeIgniter->runController()
 7 SYSTEMPATH\CodeIgniter.php(349): CodeIgniter\CodeIgniter->handleRequest()
 8 FCPATH\index.php(67): CodeIgniter\CodeIgniter->run()
 9 SYSTEMPATH\Commands\Server\rewrite.php(47): require_once('FCPATH\\index.php')
CRITICAL - 2023-01-04 06:39:50 --> Undefined constant "CodeIgniter\Database\MySQLi\MYSQLI_STORE_RESULT"
in SYSTEMPATH\Database\Database.php on line 136.
 1 SYSTEMPATH\Database\Database.php(56): CodeIgniter\Database\Database->initDriver()
 2 SYSTEMPATH\Database\Config.php(82): CodeIgniter\Database\Database->load()
 3 SYSTEMPATH\Model.php(154): CodeIgniter\Database\Config::connect()
 4 APPPATH\Controllers\StudentController.php(10): CodeIgniter\Model->__construct()
 5 SYSTEMPATH\CodeIgniter.php(925): App\Controllers\StudentController->index()
 6 SYSTEMPATH\CodeIgniter.php(480): CodeIgniter\CodeIgniter->runController()
 7 SYSTEMPATH\CodeIgniter.php(349): CodeIgniter\CodeIgniter->handleRequest()
 8 FCPATH\index.php(67): CodeIgniter\CodeIgniter->run()
 9 SYSTEMPATH\Commands\Server\rewrite.php(47): require_once('FCPATH\\index.php')
CRITICAL - 2023-01-04 06:39:50 --> Undefined constant "CodeIgniter\Database\MySQLi\MYSQLI_STORE_RESULT"
in SYSTEMPATH\Database\Database.php on line 136.
 1 SYSTEMPATH\Database\Database.php(56): CodeIgniter\Database\Database->initDriver()
 2 SYSTEMPATH\Database\Config.php(82): CodeIgniter\Database\Database->load()
 3 SYSTEMPATH\Model.php(154): CodeIgniter\Database\Config::connect()
 4 APPPATH\Controllers\StudentController.php(10): CodeIgniter\Model->__construct()
 5 SYSTEMPATH\CodeIgniter.php(925): App\Controllers\StudentController->index()
 6 SYSTEMPATH\CodeIgniter.php(480): CodeIgniter\CodeIgniter->runController()
 7 SYSTEMPATH\CodeIgniter.php(349): CodeIgniter\CodeIgniter->handleRequest()
 8 FCPATH\index.php(67): CodeIgniter\CodeIgniter->run()
 9 SYSTEMPATH\Commands\Server\rewrite.php(47): require_once('FCPATH\\index.php')
CRITICAL - 2023-01-04 06:39:51 --> Undefined constant "CodeIgniter\Database\MySQLi\MYSQLI_STORE_RESULT"
in SYSTEMPATH\Database\Database.php on line 136.
 1 SYSTEMPATH\Database\Database.php(56): CodeIgniter\Database\Database->initDriver()
 2 SYSTEMPATH\Database\Config.php(82): CodeIgniter\Database\Database->load()
 3 SYSTEMPATH\Model.php(154): CodeIgniter\Database\Config::connect()
 4 APPPATH\Controllers\StudentController.php(10): CodeIgniter\Model->__construct()
 5 SYSTEMPATH\CodeIgniter.php(925): App\Controllers\StudentController->index()
 6 SYSTEMPATH\CodeIgniter.php(480): CodeIgniter\CodeIgniter->runController()
 7 SYSTEMPATH\CodeIgniter.php(349): CodeIgniter\CodeIgniter->handleRequest()
 8 FCPATH\index.php(67): CodeIgniter\CodeIgniter->run()
 9 SYSTEMPATH\Commands\Server\rewrite.php(47): require_once('FCPATH\\index.php')
CRITICAL - 2023-01-04 06:39:51 --> Undefined constant "CodeIgniter\Database\MySQLi\MYSQLI_STORE_RESULT"
in SYSTEMPATH\Database\Database.php on line 136.
 1 SYSTEMPATH\Database\Database.php(56): CodeIgniter\Database\Database->initDriver()
 2 SYSTEMPATH\Database\Config.php(82): CodeIgniter\Database\Database->load()
 3 SYSTEMPATH\Model.php(154): CodeIgniter\Database\Config::connect()
 4 APPPATH\Controllers\StudentController.php(10): CodeIgniter\Model->__construct()
 5 SYSTEMPATH\CodeIgniter.php(925): App\Controllers\StudentController->index()
 6 SYSTEMPATH\CodeIgniter.php(480): CodeIgniter\CodeIgniter->runController()
 7 SYSTEMPATH\CodeIgniter.php(349): CodeIgniter\CodeIgniter->handleRequest()
 8 FCPATH\index.php(67): CodeIgniter\CodeIgniter->run()
 9 SYSTEMPATH\Commands\Server\rewrite.php(47): require_once('FCPATH\\index.php')
CRITICAL - 2023-01-04 06:39:52 --> Undefined constant "CodeIgniter\Database\MySQLi\MYSQLI_STORE_RESULT"
in SYSTEMPATH\Database\Database.php on line 136.
 1 SYSTEMPATH\Database\Database.php(56): CodeIgniter\Database\Database->initDriver()
 2 SYSTEMPATH\Database\Config.php(82): CodeIgniter\Database\Database->load()
 3 SYSTEMPATH\Model.php(154): CodeIgniter\Database\Config::connect()
 4 APPPATH\Controllers\StudentController.php(10): CodeIgniter\Model->__construct()
 5 SYSTEMPATH\CodeIgniter.php(925): App\Controllers\StudentController->index()
 6 SYSTEMPATH\CodeIgniter.php(480): CodeIgniter\CodeIgniter->runController()
 7 SYSTEMPATH\CodeIgniter.php(349): CodeIgniter\CodeIgniter->handleRequest()
 8 FCPATH\index.php(67): CodeIgniter\CodeIgniter->run()
 9 SYSTEMPATH\Commands\Server\rewrite.php(47): require_once('FCPATH\\index.php')
ERROR - 2023-01-04 06:46:23 --> Error connecting to the database: mysqli_sql_exception: No connection could be made because the target machine actively refused it in D:\INSTALLATIONS\XAMPP\htdocs\codeigniter\codeigniter4\system\Database\MySQLi\Connection.php:171
Stack trace:
#0 D:\INSTALLATIONS\XAMPP\htdocs\codeigniter\codeigniter4\system\Database\MySQLi\Connection.php(171): mysqli->real_connect()
#1 D:\INSTALLATIONS\XAMPP\htdocs\codeigniter\codeigniter4\system\Database\BaseConnection.php(382): CodeIgniter\Database\MySQLi\Connection->connect()
#2 D:\INSTALLATIONS\XAMPP\htdocs\codeigniter\codeigniter4\system\Database\BaseConnection.php(561): CodeIgniter\Database\BaseConnection->initialize()
#3 D:\INSTALLATIONS\XAMPP\htdocs\codeigniter\codeigniter4\system\Database\BaseBuilder.php(1585): CodeIgniter\Database\BaseConnection->query()
#4 D:\INSTALLATIONS\XAMPP\htdocs\codeigniter\codeigniter4\system\Model.php(240): CodeIgniter\Database\BaseBuilder->get()
#5 D:\INSTALLATIONS\XAMPP\htdocs\codeigniter\codeigniter4\system\BaseModel.php(586): CodeIgniter\Model->doFindAll()
#6 D:\INSTALLATIONS\XAMPP\htdocs\codeigniter\codeigniter4\app\Controllers\StudentController.php(11): CodeIgniter\BaseModel->findAll()
#7 D:\INSTALLATIONS\XAMPP\htdocs\codeigniter\codeigniter4\system\CodeIgniter.php(925): App\Controllers\StudentController->index()
#8 D:\INSTALLATIONS\XAMPP\htdocs\codeigniter\codeigniter4\system\CodeIgniter.php(480): CodeIgniter\CodeIgniter->runController()
#9 D:\INSTALLATIONS\XAMPP\htdocs\codeigniter\codeigniter4\system\CodeIgniter.php(349): CodeIgniter\CodeIgniter->handleRequest()
#10 D:\INSTALLATIONS\XAMPP\htdocs\codeigniter\codeigniter4\public\index.php(67): CodeIgniter\CodeIgniter->run()
#11 D:\INSTALLATIONS\XAMPP\htdocs\codeigniter\codeigniter4\system\Commands\Server\rewrite.php(47): require_once('...')
#12 {main}

Next CodeIgniter\Database\Exceptions\DatabaseException: No connection could be made because the target machine actively refused it in D:\INSTALLATIONS\XAMPP\htdocs\codeigniter\codeigniter4\system\Database\MySQLi\Connection.php:215
Stack trace:
#0 D:\INSTALLATIONS\XAMPP\htdocs\codeigniter\codeigniter4\system\Database\BaseConnection.php(382): CodeIgniter\Database\MySQLi\Connection->connect()
#1 D:\INSTALLATIONS\XAMPP\htdocs\codeigniter\codeigniter4\system\Database\BaseConnection.php(561): CodeIgniter\Database\BaseConnection->initialize()
#2 D:\INSTALLATIONS\XAMPP\htdocs\codeigniter\codeigniter4\system\Database\BaseBuilder.php(1585): CodeIgniter\Database\BaseConnection->query()
#3 D:\INSTALLATIONS\XAMPP\htdocs\codeigniter\codeigniter4\system\Model.php(240): CodeIgniter\Database\BaseBuilder->get()
#4 D:\INSTALLATIONS\XAMPP\htdocs\codeigniter\codeigniter4\system\BaseModel.php(586): CodeIgniter\Model->doFindAll()
#5 D:\INSTALLATIONS\XAMPP\htdocs\codeigniter\codeigniter4\app\Controllers\StudentController.php(11): CodeIgniter\BaseModel->findAll()
#6 D:\INSTALLATIONS\XAMPP\htdocs\codeigniter\codeigniter4\system\CodeIgniter.php(925): App\Controllers\StudentController->index()
#7 D:\INSTALLATIONS\XAMPP\htdocs\codeigniter\codeigniter4\system\CodeIgniter.php(480): CodeIgniter\CodeIgniter->runController()
#8 D:\INSTALLATIONS\XAMPP\htdocs\codeigniter\codeigniter4\system\CodeIgniter.php(349): CodeIgniter\CodeIgniter->handleRequest()
#9 D:\INSTALLATIONS\XAMPP\htdocs\codeigniter\codeigniter4\public\index.php(67): CodeIgniter\CodeIgniter->run()
#10 D:\INSTALLATIONS\XAMPP\htdocs\codeigniter\codeigniter4\system\Commands\Server\rewrite.php(47): require_once('...')
#11 {main}
CRITICAL - 2023-01-04 06:46:23 --> Unable to connect to the database.
Main connection [MySQLi]: No connection could be made because the target machine actively refused it
in SYSTEMPATH\Database\BaseConnection.php on line 418.
 1 SYSTEMPATH\Database\BaseConnection.php(561): CodeIgniter\Database\BaseConnection->initialize()
 2 SYSTEMPATH\Database\BaseBuilder.php(1585): CodeIgniter\Database\BaseConnection->query()
 3 SYSTEMPATH\Model.php(240): CodeIgniter\Database\BaseBuilder->get()
 4 SYSTEMPATH\BaseModel.php(586): CodeIgniter\Model->doFindAll()
 5 APPPATH\Controllers\StudentController.php(11): CodeIgniter\BaseModel->findAll()
 6 SYSTEMPATH\CodeIgniter.php(925): App\Controllers\StudentController->index()
 7 SYSTEMPATH\CodeIgniter.php(480): CodeIgniter\CodeIgniter->runController()
 8 SYSTEMPATH\CodeIgniter.php(349): CodeIgniter\CodeIgniter->handleRequest()
 9 FCPATH\index.php(67): CodeIgniter\CodeIgniter->run()
10 SYSTEMPATH\Commands\Server\rewrite.php(47): require_once('FCPATH\\index.php')
ERROR - 2023-01-04 06:47:11 --> Error connecting to the database: mysqli_sql_exception: Access denied for user 'root'@'localhost' (using password: YES) in D:\INSTALLATIONS\XAMPP\htdocs\codeigniter\codeigniter4\system\Database\MySQLi\Connection.php:171
Stack trace:
#0 D:\INSTALLATIONS\XAMPP\htdocs\codeigniter\codeigniter4\system\Database\MySQLi\Connection.php(171): mysqli->real_connect()
#1 D:\INSTALLATIONS\XAMPP\htdocs\codeigniter\codeigniter4\system\Database\BaseConnection.php(382): CodeIgniter\Database\MySQLi\Connection->connect()
#2 D:\INSTALLATIONS\XAMPP\htdocs\codeigniter\codeigniter4\system\Database\BaseConnection.php(561): CodeIgniter\Database\BaseConnection->initialize()
#3 D:\INSTALLATIONS\XAMPP\htdocs\codeigniter\codeigniter4\system\Database\BaseBuilder.php(1585): CodeIgniter\Database\BaseConnection->query()
#4 D:\INSTALLATIONS\XAMPP\htdocs\codeigniter\codeigniter4\system\Model.php(240): CodeIgniter\Database\BaseBuilder->get()
#5 D:\INSTALLATIONS\XAMPP\htdocs\codeigniter\codeigniter4\system\BaseModel.php(586): CodeIgniter\Model->doFindAll()
#6 D:\INSTALLATIONS\XAMPP\htdocs\codeigniter\codeigniter4\app\Controllers\StudentController.php(11): CodeIgniter\BaseModel->findAll()
#7 D:\INSTALLATIONS\XAMPP\htdocs\codeigniter\codeigniter4\system\CodeIgniter.php(925): App\Controllers\StudentController->index()
#8 D:\INSTALLATIONS\XAMPP\htdocs\codeigniter\codeigniter4\system\CodeIgniter.php(480): CodeIgniter\CodeIgniter->runController()
#9 D:\INSTALLATIONS\XAMPP\htdocs\codeigniter\codeigniter4\system\CodeIgniter.php(349): CodeIgniter\CodeIgniter->handleRequest()
#10 D:\INSTALLATIONS\XAMPP\htdocs\codeigniter\codeigniter4\public\index.php(67): CodeIgniter\CodeIgniter->run()
#11 D:\INSTALLATIONS\XAMPP\htdocs\codeigniter\codeigniter4\system\Commands\Server\rewrite.php(47): require_once('...')
#12 {main}

Next CodeIgniter\Database\Exceptions\DatabaseException: Access denied for user '****'@'localhost' (using password: YES) in D:\INSTALLATIONS\XAMPP\htdocs\codeigniter\codeigniter4\system\Database\MySQLi\Connection.php:215
Stack trace:
#0 D:\INSTALLATIONS\XAMPP\htdocs\codeigniter\codeigniter4\system\Database\BaseConnection.php(382): CodeIgniter\Database\MySQLi\Connection->connect()
#1 D:\INSTALLATIONS\XAMPP\htdocs\codeigniter\codeigniter4\system\Database\BaseConnection.php(561): CodeIgniter\Database\BaseConnection->initialize()
#2 D:\INSTALLATIONS\XAMPP\htdocs\codeigniter\codeigniter4\system\Database\BaseBuilder.php(1585): CodeIgniter\Database\BaseConnection->query()
#3 D:\INSTALLATIONS\XAMPP\htdocs\codeigniter\codeigniter4\system\Model.php(240): CodeIgniter\Database\BaseBuilder->get()
#4 D:\INSTALLATIONS\XAMPP\htdocs\codeigniter\codeigniter4\system\BaseModel.php(586): CodeIgniter\Model->doFindAll()
#5 D:\INSTALLATIONS\XAMPP\htdocs\codeigniter\codeigniter4\app\Controllers\StudentController.php(11): CodeIgniter\BaseModel->findAll()
#6 D:\INSTALLATIONS\XAMPP\htdocs\codeigniter\codeigniter4\system\CodeIgniter.php(925): App\Controllers\StudentController->index()
#7 D:\INSTALLATIONS\XAMPP\htdocs\codeigniter\codeigniter4\system\CodeIgniter.php(480): CodeIgniter\CodeIgniter->runController()
#8 D:\INSTALLATIONS\XAMPP\htdocs\codeigniter\codeigniter4\system\CodeIgniter.php(349): CodeIgniter\CodeIgniter->handleRequest()
#9 D:\INSTALLATIONS\XAMPP\htdocs\codeigniter\codeigniter4\public\index.php(67): CodeIgniter\CodeIgniter->run()
#10 D:\INSTALLATIONS\XAMPP\htdocs\codeigniter\codeigniter4\system\Commands\Server\rewrite.php(47): require_once('...')
#11 {main}
CRITICAL - 2023-01-04 06:47:11 --> Unable to connect to the database.
Main connection [MySQLi]: Access denied for user '****'@'localhost' (using password: YES)
in SYSTEMPATH\Database\BaseConnection.php on line 418.
 1 SYSTEMPATH\Database\BaseConnection.php(561): CodeIgniter\Database\BaseConnection->initialize()
 2 SYSTEMPATH\Database\BaseBuilder.php(1585): CodeIgniter\Database\BaseConnection->query()
 3 SYSTEMPATH\Model.php(240): CodeIgniter\Database\BaseBuilder->get()
 4 SYSTEMPATH\BaseModel.php(586): CodeIgniter\Model->doFindAll()
 5 APPPATH\Controllers\StudentController.php(11): CodeIgniter\BaseModel->findAll()
 6 SYSTEMPATH\CodeIgniter.php(925): App\Controllers\StudentController->index()
 7 SYSTEMPATH\CodeIgniter.php(480): CodeIgniter\CodeIgniter->runController()
 8 SYSTEMPATH\CodeIgniter.php(349): CodeIgniter\CodeIgniter->handleRequest()
 9 FCPATH\index.php(67): CodeIgniter\CodeIgniter->run()
10 SYSTEMPATH\Commands\Server\rewrite.php(47): require_once('FCPATH\\index.php')
ERROR - 2023-01-04 06:47:14 --> Error connecting to the database: mysqli_sql_exception: Access denied for user 'root'@'localhost' (using password: YES) in D:\INSTALLATIONS\XAMPP\htdocs\codeigniter\codeigniter4\system\Database\MySQLi\Connection.php:171
Stack trace:
#0 D:\INSTALLATIONS\XAMPP\htdocs\codeigniter\codeigniter4\system\Database\MySQLi\Connection.php(171): mysqli->real_connect()
#1 D:\INSTALLATIONS\XAMPP\htdocs\codeigniter\codeigniter4\system\Database\BaseConnection.php(382): CodeIgniter\Database\MySQLi\Connection->connect()
#2 D:\INSTALLATIONS\XAMPP\htdocs\codeigniter\codeigniter4\system\Database\BaseConnection.php(561): CodeIgniter\Database\BaseConnection->initialize()
#3 D:\INSTALLATIONS\XAMPP\htdocs\codeigniter\codeigniter4\system\Database\BaseBuilder.php(1585): CodeIgniter\Database\BaseConnection->query()
#4 D:\INSTALLATIONS\XAMPP\htdocs\codeigniter\codeigniter4\system\Model.php(240): CodeIgniter\Database\BaseBuilder->get()
#5 D:\INSTALLATIONS\XAMPP\htdocs\codeigniter\codeigniter4\system\BaseModel.php(586): CodeIgniter\Model->doFindAll()
#6 D:\INSTALLATIONS\XAMPP\htdocs\codeigniter\codeigniter4\app\Controllers\StudentController.php(11): CodeIgniter\BaseModel->findAll()
#7 D:\INSTALLATIONS\XAMPP\htdocs\codeigniter\codeigniter4\system\CodeIgniter.php(925): App\Controllers\StudentController->index()
#8 D:\INSTALLATIONS\XAMPP\htdocs\codeigniter\codeigniter4\system\CodeIgniter.php(480): CodeIgniter\CodeIgniter->runController()
#9 D:\INSTALLATIONS\XAMPP\htdocs\codeigniter\codeigniter4\system\CodeIgniter.php(349): CodeIgniter\CodeIgniter->handleRequest()
#10 D:\INSTALLATIONS\XAMPP\htdocs\codeigniter\codeigniter4\public\index.php(67): CodeIgniter\CodeIgniter->run()
#11 D:\INSTALLATIONS\XAMPP\htdocs\codeigniter\codeigniter4\system\Commands\Server\rewrite.php(47): require_once('...')
#12 {main}

Next CodeIgniter\Database\Exceptions\DatabaseException: Access denied for user '****'@'localhost' (using password: YES) in D:\INSTALLATIONS\XAMPP\htdocs\codeigniter\codeigniter4\system\Database\MySQLi\Connection.php:215
Stack trace:
#0 D:\INSTALLATIONS\XAMPP\htdocs\codeigniter\codeigniter4\system\Database\BaseConnection.php(382): CodeIgniter\Database\MySQLi\Connection->connect()
#1 D:\INSTALLATIONS\XAMPP\htdocs\codeigniter\codeigniter4\system\Database\BaseConnection.php(561): CodeIgniter\Database\BaseConnection->initialize()
#2 D:\INSTALLATIONS\XAMPP\htdocs\codeigniter\codeigniter4\system\Database\BaseBuilder.php(1585): CodeIgniter\Database\BaseConnection->query()
#3 D:\INSTALLATIONS\XAMPP\htdocs\codeigniter\codeigniter4\system\Model.php(240): CodeIgniter\Database\BaseBuilder->get()
#4 D:\INSTALLATIONS\XAMPP\htdocs\codeigniter\codeigniter4\system\BaseModel.php(586): CodeIgniter\Model->doFindAll()
#5 D:\INSTALLATIONS\XAMPP\htdocs\codeigniter\codeigniter4\app\Controllers\StudentController.php(11): CodeIgniter\BaseModel->findAll()
#6 D:\INSTALLATIONS\XAMPP\htdocs\codeigniter\codeigniter4\system\CodeIgniter.php(925): App\Controllers\StudentController->index()
#7 D:\INSTALLATIONS\XAMPP\htdocs\codeigniter\codeigniter4\system\CodeIgniter.php(480): CodeIgniter\CodeIgniter->runController()
#8 D:\INSTALLATIONS\XAMPP\htdocs\codeigniter\codeigniter4\system\CodeIgniter.php(349): CodeIgniter\CodeIgniter->handleRequest()
#9 D:\INSTALLATIONS\XAMPP\htdocs\codeigniter\codeigniter4\public\index.php(67): CodeIgniter\CodeIgniter->run()
#10 D:\INSTALLATIONS\XAMPP\htdocs\codeigniter\codeigniter4\system\Commands\Server\rewrite.php(47): require_once('...')
#11 {main}
CRITICAL - 2023-01-04 06:47:14 --> Unable to connect to the database.
Main connection [MySQLi]: Access denied for user '****'@'localhost' (using password: YES)
in SYSTEMPATH\Database\BaseConnection.php on line 418.
 1 SYSTEMPATH\Database\BaseConnection.php(561): CodeIgniter\Database\BaseConnection->initialize()
 2 SYSTEMPATH\Database\BaseBuilder.php(1585): CodeIgniter\Database\BaseConnection->query()
 3 SYSTEMPATH\Model.php(240): CodeIgniter\Database\BaseBuilder->get()
 4 SYSTEMPATH\BaseModel.php(586): CodeIgniter\Model->doFindAll()
 5 APPPATH\Controllers\StudentController.php(11): CodeIgniter\BaseModel->findAll()
 6 SYSTEMPATH\CodeIgniter.php(925): App\Controllers\StudentController->index()
 7 SYSTEMPATH\CodeIgniter.php(480): CodeIgniter\CodeIgniter->runController()
 8 SYSTEMPATH\CodeIgniter.php(349): CodeIgniter\CodeIgniter->handleRequest()
 9 FCPATH\index.php(67): CodeIgniter\CodeIgniter->run()
10 SYSTEMPATH\Commands\Server\rewrite.php(47): require_once('FCPATH\\index.php')
ERROR - 2023-01-04 06:47:15 --> Error connecting to the database: mysqli_sql_exception: Access denied for user 'root'@'localhost' (using password: YES) in D:\INSTALLATIONS\XAMPP\htdocs\codeigniter\codeigniter4\system\Database\MySQLi\Connection.php:171
Stack trace:
#0 D:\INSTALLATIONS\XAMPP\htdocs\codeigniter\codeigniter4\system\Database\MySQLi\Connection.php(171): mysqli->real_connect()
#1 D:\INSTALLATIONS\XAMPP\htdocs\codeigniter\codeigniter4\system\Database\BaseConnection.php(382): CodeIgniter\Database\MySQLi\Connection->connect()
#2 D:\INSTALLATIONS\XAMPP\htdocs\codeigniter\codeigniter4\system\Database\BaseConnection.php(561): CodeIgniter\Database\BaseConnection->initialize()
#3 D:\INSTALLATIONS\XAMPP\htdocs\codeigniter\codeigniter4\system\Database\BaseBuilder.php(1585): CodeIgniter\Database\BaseConnection->query()
#4 D:\INSTALLATIONS\XAMPP\htdocs\codeigniter\codeigniter4\system\Model.php(240): CodeIgniter\Database\BaseBuilder->get()
#5 D:\INSTALLATIONS\XAMPP\htdocs\codeigniter\codeigniter4\system\BaseModel.php(586): CodeIgniter\Model->doFindAll()
#6 D:\INSTALLATIONS\XAMPP\htdocs\codeigniter\codeigniter4\app\Controllers\StudentController.php(11): CodeIgniter\BaseModel->findAll()
#7 D:\INSTALLATIONS\XAMPP\htdocs\codeigniter\codeigniter4\system\CodeIgniter.php(925): App\Controllers\StudentController->index()
#8 D:\INSTALLATIONS\XAMPP\htdocs\codeigniter\codeigniter4\system\CodeIgniter.php(480): CodeIgniter\CodeIgniter->runController()
#9 D:\INSTALLATIONS\XAMPP\htdocs\codeigniter\codeigniter4\system\CodeIgniter.php(349): CodeIgniter\CodeIgniter->handleRequest()
#10 D:\INSTALLATIONS\XAMPP\htdocs\codeigniter\codeigniter4\public\index.php(67): CodeIgniter\CodeIgniter->run()
#11 D:\INSTALLATIONS\XAMPP\htdocs\codeigniter\codeigniter4\system\Commands\Server\rewrite.php(47): require_once('...')
#12 {main}

Next CodeIgniter\Database\Exceptions\DatabaseException: Access denied for user '****'@'localhost' (using password: YES) in D:\INSTALLATIONS\XAMPP\htdocs\codeigniter\codeigniter4\system\Database\MySQLi\Connection.php:215
Stack trace:
#0 D:\INSTALLATIONS\XAMPP\htdocs\codeigniter\codeigniter4\system\Database\BaseConnection.php(382): CodeIgniter\Database\MySQLi\Connection->connect()
#1 D:\INSTALLATIONS\XAMPP\htdocs\codeigniter\codeigniter4\system\Database\BaseConnection.php(561): CodeIgniter\Database\BaseConnection->initialize()
#2 D:\INSTALLATIONS\XAMPP\htdocs\codeigniter\codeigniter4\system\Database\BaseBuilder.php(1585): CodeIgniter\Database\BaseConnection->query()
#3 D:\INSTALLATIONS\XAMPP\htdocs\codeigniter\codeigniter4\system\Model.php(240): CodeIgniter\Database\BaseBuilder->get()
#4 D:\INSTALLATIONS\XAMPP\htdocs\codeigniter\codeigniter4\system\BaseModel.php(586): CodeIgniter\Model->doFindAll()
#5 D:\INSTALLATIONS\XAMPP\htdocs\codeigniter\codeigniter4\app\Controllers\StudentController.php(11): CodeIgniter\BaseModel->findAll()
#6 D:\INSTALLATIONS\XAMPP\htdocs\codeigniter\codeigniter4\system\CodeIgniter.php(925): App\Controllers\StudentController->index()
#7 D:\INSTALLATIONS\XAMPP\htdocs\codeigniter\codeigniter4\system\CodeIgniter.php(480): CodeIgniter\CodeIgniter->runController()
#8 D:\INSTALLATIONS\XAMPP\htdocs\codeigniter\codeigniter4\system\CodeIgniter.php(349): CodeIgniter\CodeIgniter->handleRequest()
#9 D:\INSTALLATIONS\XAMPP\htdocs\codeigniter\codeigniter4\public\index.php(67): CodeIgniter\CodeIgniter->run()
#10 D:\INSTALLATIONS\XAMPP\htdocs\codeigniter\codeigniter4\system\Commands\Server\rewrite.php(47): require_once('...')
#11 {main}
CRITICAL - 2023-01-04 06:47:15 --> Unable to connect to the database.
Main connection [MySQLi]: Access denied for user '****'@'localhost' (using password: YES)
in SYSTEMPATH\Database\BaseConnection.php on line 418.
 1 SYSTEMPATH\Database\BaseConnection.php(561): CodeIgniter\Database\BaseConnection->initialize()
 2 SYSTEMPATH\Database\BaseBuilder.php(1585): CodeIgniter\Database\BaseConnection->query()
 3 SYSTEMPATH\Model.php(240): CodeIgniter\Database\BaseBuilder->get()
 4 SYSTEMPATH\BaseModel.php(586): CodeIgniter\Model->doFindAll()
 5 APPPATH\Controllers\StudentController.php(11): CodeIgniter\BaseModel->findAll()
 6 SYSTEMPATH\CodeIgniter.php(925): App\Controllers\StudentController->index()
 7 SYSTEMPATH\CodeIgniter.php(480): CodeIgniter\CodeIgniter->runController()
 8 SYSTEMPATH\CodeIgniter.php(349): CodeIgniter\CodeIgniter->handleRequest()
 9 FCPATH\index.php(67): CodeIgniter\CodeIgniter->run()
10 SYSTEMPATH\Commands\Server\rewrite.php(47): require_once('FCPATH\\index.php')
ERROR - 2023-01-04 06:47:17 --> Error connecting to the database: mysqli_sql_exception: Access denied for user 'root'@'localhost' (using password: YES) in D:\INSTALLATIONS\XAMPP\htdocs\codeigniter\codeigniter4\system\Database\MySQLi\Connection.php:171
Stack trace:
#0 D:\INSTALLATIONS\XAMPP\htdocs\codeigniter\codeigniter4\system\Database\MySQLi\Connection.php(171): mysqli->real_connect()
#1 D:\INSTALLATIONS\XAMPP\htdocs\codeigniter\codeigniter4\system\Database\BaseConnection.php(382): CodeIgniter\Database\MySQLi\Connection->connect()
#2 D:\INSTALLATIONS\XAMPP\htdocs\codeigniter\codeigniter4\system\Database\BaseConnection.php(561): CodeIgniter\Database\BaseConnection->initialize()
#3 D:\INSTALLATIONS\XAMPP\htdocs\codeigniter\codeigniter4\system\Database\BaseBuilder.php(1585): CodeIgniter\Database\BaseConnection->query()
#4 D:\INSTALLATIONS\XAMPP\htdocs\codeigniter\codeigniter4\system\Model.php(240): CodeIgniter\Database\BaseBuilder->get()
#5 D:\INSTALLATIONS\XAMPP\htdocs\codeigniter\codeigniter4\system\BaseModel.php(586): CodeIgniter\Model->doFindAll()
#6 D:\INSTALLATIONS\XAMPP\htdocs\codeigniter\codeigniter4\app\Controllers\StudentController.php(11): CodeIgniter\BaseModel->findAll()
#7 D:\INSTALLATIONS\XAMPP\htdocs\codeigniter\codeigniter4\system\CodeIgniter.php(925): App\Controllers\StudentController->index()
#8 D:\INSTALLATIONS\XAMPP\htdocs\codeigniter\codeigniter4\system\CodeIgniter.php(480): CodeIgniter\CodeIgniter->runController()
#9 D:\INSTALLATIONS\XAMPP\htdocs\codeigniter\codeigniter4\system\CodeIgniter.php(349): CodeIgniter\CodeIgniter->handleRequest()
#10 D:\INSTALLATIONS\XAMPP\htdocs\codeigniter\codeigniter4\public\index.php(67): CodeIgniter\CodeIgniter->run()
#11 D:\INSTALLATIONS\XAMPP\htdocs\codeigniter\codeigniter4\system\Commands\Server\rewrite.php(47): require_once('...')
#12 {main}

Next CodeIgniter\Database\Exceptions\DatabaseException: Access denied for user '****'@'localhost' (using password: YES) in D:\INSTALLATIONS\XAMPP\htdocs\codeigniter\codeigniter4\system\Database\MySQLi\Connection.php:215
Stack trace:
#0 D:\INSTALLATIONS\XAMPP\htdocs\codeigniter\codeigniter4\system\Database\BaseConnection.php(382): CodeIgniter\Database\MySQLi\Connection->connect()
#1 D:\INSTALLATIONS\XAMPP\htdocs\codeigniter\codeigniter4\system\Database\BaseConnection.php(561): CodeIgniter\Database\BaseConnection->initialize()
#2 D:\INSTALLATIONS\XAMPP\htdocs\codeigniter\codeigniter4\system\Database\BaseBuilder.php(1585): CodeIgniter\Database\BaseConnection->query()
#3 D:\INSTALLATIONS\XAMPP\htdocs\codeigniter\codeigniter4\system\Model.php(240): CodeIgniter\Database\BaseBuilder->get()
#4 D:\INSTALLATIONS\XAMPP\htdocs\codeigniter\codeigniter4\system\BaseModel.php(586): CodeIgniter\Model->doFindAll()
#5 D:\INSTALLATIONS\XAMPP\htdocs\codeigniter\codeigniter4\app\Controllers\StudentController.php(11): CodeIgniter\BaseModel->findAll()
#6 D:\INSTALLATIONS\XAMPP\htdocs\codeigniter\codeigniter4\system\CodeIgniter.php(925): App\Controllers\StudentController->index()
#7 D:\INSTALLATIONS\XAMPP\htdocs\codeigniter\codeigniter4\system\CodeIgniter.php(480): CodeIgniter\CodeIgniter->runController()
#8 D:\INSTALLATIONS\XAMPP\htdocs\codeigniter\codeigniter4\system\CodeIgniter.php(349): CodeIgniter\CodeIgniter->handleRequest()
#9 D:\INSTALLATIONS\XAMPP\htdocs\codeigniter\codeigniter4\public\index.php(67): CodeIgniter\CodeIgniter->run()
#10 D:\INSTALLATIONS\XAMPP\htdocs\codeigniter\codeigniter4\system\Commands\Server\rewrite.php(47): require_once('...')
#11 {main}
CRITICAL - 2023-01-04 06:47:17 --> Unable to connect to the database.
Main connection [MySQLi]: Access denied for user '****'@'localhost' (using password: YES)
in SYSTEMPATH\Database\BaseConnection.php on line 418.
 1 SYSTEMPATH\Database\BaseConnection.php(561): CodeIgniter\Database\BaseConnection->initialize()
 2 SYSTEMPATH\Database\BaseBuilder.php(1585): CodeIgniter\Database\BaseConnection->query()
 3 SYSTEMPATH\Model.php(240): CodeIgniter\Database\BaseBuilder->get()
 4 SYSTEMPATH\BaseModel.php(586): CodeIgniter\Model->doFindAll()
 5 APPPATH\Controllers\StudentController.php(11): CodeIgniter\BaseModel->findAll()
 6 SYSTEMPATH\CodeIgniter.php(925): App\Controllers\StudentController->index()
 7 SYSTEMPATH\CodeIgniter.php(480): CodeIgniter\CodeIgniter->runController()
 8 SYSTEMPATH\CodeIgniter.php(349): CodeIgniter\CodeIgniter->handleRequest()
 9 FCPATH\index.php(67): CodeIgniter\CodeIgniter->run()
10 SYSTEMPATH\Commands\Server\rewrite.php(47): require_once('FCPATH\\index.php')
CRITICAL - 2023-01-04 07:11:08 --> Undefined variable $students
in APPPATH\Views\students\index.php on line 27.
 1 APPPATH\Views\students\index.php(27): CodeIgniter\Debug\Exceptions->errorHandler()
 2 SYSTEMPATH\View\View.php(213): include('APPPATH\\Views\\students\\index.php')
 3 SYSTEMPATH\View\View.php(216): CodeIgniter\View\View->CodeIgniter\View\{closure}()
 4 SYSTEMPATH\Common.php(1135): CodeIgniter\View\View->render()
 5 APPPATH\Controllers\StudentController.php(13): view()
 6 SYSTEMPATH\CodeIgniter.php(925): App\Controllers\StudentController->index()
 7 SYSTEMPATH\CodeIgniter.php(480): CodeIgniter\CodeIgniter->runController()
 8 SYSTEMPATH\CodeIgniter.php(349): CodeIgniter\CodeIgniter->handleRequest()
 9 FCPATH\index.php(67): CodeIgniter\CodeIgniter->run()
10 SYSTEMPATH\Commands\Server\rewrite.php(47): require_once('FCPATH\\index.php')
