CRITICAL - 2023-01-05 02:13:45 --> Undefined variable $row
in APPPATH\Views\students\index.php on line 56.
 1 APPPATH\Views\students\index.php(56): CodeIgniter\Debug\Exceptions->errorHandler()
 2 SYSTEMPATH\View\View.php(213): include('APPPATH\\Views\\students\\index.php')
 3 SYSTEMPATH\View\View.php(216): CodeIgniter\View\View->CodeIgniter\View\{closure}()
 4 SYSTEMPATH\Common.php(1135): CodeIgniter\View\View->render()
 5 APPPATH\Controllers\StudentController.php(13): view()
 6 SYSTEMPATH\CodeIgniter.php(925): App\Controllers\StudentController->index()
 7 SYSTEMPATH\CodeIgniter.php(480): CodeIgniter\CodeIgniter->runController()
 8 SYSTEMPATH\CodeIgniter.php(349): CodeIgniter\CodeIgniter->handleRequest()
 9 FCPATH\index.php(67): CodeIgniter\CodeIgniter->run()
10 SYSTEMPATH\Commands\Server\rewrite.php(47): require_once('FCPATH\\index.php')
CRITICAL - 2023-01-05 06:18:18 --> Invalid file: ajaxStudent/indx.php
in SYSTEMPATH\Exceptions\FrameworkException.php on line 33.
 1 SYSTEMPATH\View\View.php(201): CodeIgniter\Exceptions\FrameworkException::forInvalidFile()
 2 SYSTEMPATH\Common.php(1135): CodeIgniter\View\View->render()
 3 APPPATH\Controllers\AjaxStudentController.php(9): view()
 4 SYSTEMPATH\CodeIgniter.php(925): App\Controllers\AjaxStudentController->index()
 5 SYSTEMPATH\CodeIgniter.php(480): CodeIgniter\CodeIgniter->runController()
 6 SYSTEMPATH\CodeIgniter.php(349): CodeIgniter\CodeIgniter->handleRequest()
 7 FCPATH\index.php(67): CodeIgniter\CodeIgniter->run()
 8 SYSTEMPATH\Commands\Server\rewrite.php(47): require_once('FCPATH\\index.php')
CRITICAL - 2023-01-05 08:13:55 --> Class "App\Models\Ajaxstudent" not found
in APPPATH\Controllers\AjaxStudentController.php on line 16.
 1 SYSTEMPATH\CodeIgniter.php(925): App\Controllers\AjaxStudentController->store()
 2 SYSTEMPATH\CodeIgniter.php(480): CodeIgniter\CodeIgniter->runController()
 3 SYSTEMPATH\CodeIgniter.php(349): CodeIgniter\CodeIgniter->handleRequest()
 4 FCPATH\index.php(67): CodeIgniter\CodeIgniter->run()
 5 SYSTEMPATH\Commands\Server\rewrite.php(47): require_once('FCPATH\\index.php')
CRITICAL - 2023-01-05 08:14:02 --> Class "App\Models\Ajaxstudent" not found
in APPPATH\Controllers\AjaxStudentController.php on line 16.
 1 SYSTEMPATH\CodeIgniter.php(925): App\Controllers\AjaxStudentController->store()
 2 SYSTEMPATH\CodeIgniter.php(480): CodeIgniter\CodeIgniter->runController()
 3 SYSTEMPATH\CodeIgniter.php(349): CodeIgniter\CodeIgniter->handleRequest()
 4 FCPATH\index.php(67): CodeIgniter\CodeIgniter->run()
 5 SYSTEMPATH\Commands\Server\rewrite.php(47): require_once('FCPATH\\index.php')
CRITICAL - 2023-01-05 08:14:05 --> Class "App\Models\Ajaxstudent" not found
in APPPATH\Controllers\AjaxStudentController.php on line 16.
 1 SYSTEMPATH\CodeIgniter.php(925): App\Controllers\AjaxStudentController->store()
 2 SYSTEMPATH\CodeIgniter.php(480): CodeIgniter\CodeIgniter->runController()
 3 SYSTEMPATH\CodeIgniter.php(349): CodeIgniter\CodeIgniter->handleRequest()
 4 FCPATH\index.php(67): CodeIgniter\CodeIgniter->run()
 5 SYSTEMPATH\Commands\Server\rewrite.php(47): require_once('FCPATH\\index.php')
CRITICAL - 2023-01-05 08:14:05 --> Class "App\Models\Ajaxstudent" not found
in APPPATH\Controllers\AjaxStudentController.php on line 16.
 1 SYSTEMPATH\CodeIgniter.php(925): App\Controllers\AjaxStudentController->store()
 2 SYSTEMPATH\CodeIgniter.php(480): CodeIgniter\CodeIgniter->runController()
 3 SYSTEMPATH\CodeIgniter.php(349): CodeIgniter\CodeIgniter->handleRequest()
 4 FCPATH\index.php(67): CodeIgniter\CodeIgniter->run()
 5 SYSTEMPATH\Commands\Server\rewrite.php(47): require_once('FCPATH\\index.php')
CRITICAL - 2023-01-05 08:14:05 --> Class "App\Models\Ajaxstudent" not found
in APPPATH\Controllers\AjaxStudentController.php on line 16.
 1 SYSTEMPATH\CodeIgniter.php(925): App\Controllers\AjaxStudentController->store()
 2 SYSTEMPATH\CodeIgniter.php(480): CodeIgniter\CodeIgniter->runController()
 3 SYSTEMPATH\CodeIgniter.php(349): CodeIgniter\CodeIgniter->handleRequest()
 4 FCPATH\index.php(67): CodeIgniter\CodeIgniter->run()
 5 SYSTEMPATH\Commands\Server\rewrite.php(47): require_once('FCPATH\\index.php')
CRITICAL - 2023-01-05 08:14:06 --> Class "App\Models\Ajaxstudent" not found
in APPPATH\Controllers\AjaxStudentController.php on line 16.
 1 SYSTEMPATH\CodeIgniter.php(925): App\Controllers\AjaxStudentController->store()
 2 SYSTEMPATH\CodeIgniter.php(480): CodeIgniter\CodeIgniter->runController()
 3 SYSTEMPATH\CodeIgniter.php(349): CodeIgniter\CodeIgniter->handleRequest()
 4 FCPATH\index.php(67): CodeIgniter\CodeIgniter->run()
 5 SYSTEMPATH\Commands\Server\rewrite.php(47): require_once('FCPATH\\index.php')
CRITICAL - 2023-01-05 08:14:08 --> Class "App\Models\Ajaxstudent" not found
in APPPATH\Controllers\AjaxStudentController.php on line 16.
 1 SYSTEMPATH\CodeIgniter.php(925): App\Controllers\AjaxStudentController->store()
 2 SYSTEMPATH\CodeIgniter.php(480): CodeIgniter\CodeIgniter->runController()
 3 SYSTEMPATH\CodeIgniter.php(349): CodeIgniter\CodeIgniter->handleRequest()
 4 FCPATH\index.php(67): CodeIgniter\CodeIgniter->run()
 5 SYSTEMPATH\Commands\Server\rewrite.php(47): require_once('FCPATH\\index.php')
CRITICAL - 2023-01-05 08:14:08 --> Class "App\Models\Ajaxstudent" not found
in APPPATH\Controllers\AjaxStudentController.php on line 16.
 1 SYSTEMPATH\CodeIgniter.php(925): App\Controllers\AjaxStudentController->store()
 2 SYSTEMPATH\CodeIgniter.php(480): CodeIgniter\CodeIgniter->runController()
 3 SYSTEMPATH\CodeIgniter.php(349): CodeIgniter\CodeIgniter->handleRequest()
 4 FCPATH\index.php(67): CodeIgniter\CodeIgniter->run()
 5 SYSTEMPATH\Commands\Server\rewrite.php(47): require_once('FCPATH\\index.php')
CRITICAL - 2023-01-05 08:14:08 --> Class "App\Models\Ajaxstudent" not found
in APPPATH\Controllers\AjaxStudentController.php on line 16.
 1 SYSTEMPATH\CodeIgniter.php(925): App\Controllers\AjaxStudentController->store()
 2 SYSTEMPATH\CodeIgniter.php(480): CodeIgniter\CodeIgniter->runController()
 3 SYSTEMPATH\CodeIgniter.php(349): CodeIgniter\CodeIgniter->handleRequest()
 4 FCPATH\index.php(67): CodeIgniter\CodeIgniter->run()
 5 SYSTEMPATH\Commands\Server\rewrite.php(47): require_once('FCPATH\\index.php')
CRITICAL - 2023-01-05 08:17:35 --> Class "App\Models\Ajaxstudent" not found
in APPPATH\Controllers\AjaxStudentController.php on line 16.
 1 SYSTEMPATH\CodeIgniter.php(925): App\Controllers\AjaxStudentController->store()
 2 SYSTEMPATH\CodeIgniter.php(480): CodeIgniter\CodeIgniter->runController()
 3 SYSTEMPATH\CodeIgniter.php(349): CodeIgniter\CodeIgniter->handleRequest()
 4 FCPATH\index.php(67): CodeIgniter\CodeIgniter->run()
 5 SYSTEMPATH\Commands\Server\rewrite.php(47): require_once('FCPATH\\index.php')
CRITICAL - 2023-01-05 08:27:40 --> Class "App\Models\Ajaxstudent" not found
in APPPATH\Controllers\AjaxStudentController.php on line 16.
 1 SYSTEMPATH\CodeIgniter.php(925): App\Controllers\AjaxStudentController->store()
 2 SYSTEMPATH\CodeIgniter.php(480): CodeIgniter\CodeIgniter->runController()
 3 SYSTEMPATH\CodeIgniter.php(349): CodeIgniter\CodeIgniter->handleRequest()
 4 FCPATH\index.php(67): CodeIgniter\CodeIgniter->run()
 5 SYSTEMPATH\Commands\Server\rewrite.php(47): require_once('FCPATH\\index.php')
CRITICAL - 2023-01-05 08:28:31 --> Class "App\Models\Ajaxstudent" not found
in APPPATH\Controllers\AjaxStudentController.php on line 16.
 1 SYSTEMPATH\CodeIgniter.php(925): App\Controllers\AjaxStudentController->store()
 2 SYSTEMPATH\CodeIgniter.php(480): CodeIgniter\CodeIgniter->runController()
 3 SYSTEMPATH\CodeIgniter.php(349): CodeIgniter\CodeIgniter->handleRequest()
 4 FCPATH\index.php(67): CodeIgniter\CodeIgniter->run()
 5 SYSTEMPATH\Commands\Server\rewrite.php(47): require_once('FCPATH\\index.php')
CRITICAL - 2023-01-05 08:41:19 --> Class "App\Models\Ajaxstudent" not found
in APPPATH\Controllers\AjaxStudentController.php on line 16.
 1 SYSTEMPATH\CodeIgniter.php(925): App\Controllers\AjaxStudentController->store()
 2 SYSTEMPATH\CodeIgniter.php(480): CodeIgniter\CodeIgniter->runController()
 3 SYSTEMPATH\CodeIgniter.php(349): CodeIgniter\CodeIgniter->handleRequest()
 4 FCPATH\index.php(67): CodeIgniter\CodeIgniter->run()
 5 SYSTEMPATH\Commands\Server\rewrite.php(47): require_once('FCPATH\\index.php')
CRITICAL - 2023-01-05 08:41:22 --> Class "App\Models\Ajaxstudent" not found
in APPPATH\Controllers\AjaxStudentController.php on line 16.
 1 SYSTEMPATH\CodeIgniter.php(925): App\Controllers\AjaxStudentController->store()
 2 SYSTEMPATH\CodeIgniter.php(480): CodeIgniter\CodeIgniter->runController()
 3 SYSTEMPATH\CodeIgniter.php(349): CodeIgniter\CodeIgniter->handleRequest()
 4 FCPATH\index.php(67): CodeIgniter\CodeIgniter->run()
 5 SYSTEMPATH\Commands\Server\rewrite.php(47): require_once('FCPATH\\index.php')
CRITICAL - 2023-01-05 08:41:22 --> Class "App\Models\Ajaxstudent" not found
in APPPATH\Controllers\AjaxStudentController.php on line 16.
 1 SYSTEMPATH\CodeIgniter.php(925): App\Controllers\AjaxStudentController->store()
 2 SYSTEMPATH\CodeIgniter.php(480): CodeIgniter\CodeIgniter->runController()
 3 SYSTEMPATH\CodeIgniter.php(349): CodeIgniter\CodeIgniter->handleRequest()
 4 FCPATH\index.php(67): CodeIgniter\CodeIgniter->run()
 5 SYSTEMPATH\Commands\Server\rewrite.php(47): require_once('FCPATH\\index.php')
CRITICAL - 2023-01-05 08:41:22 --> Class "App\Models\Ajaxstudent" not found
in APPPATH\Controllers\AjaxStudentController.php on line 16.
 1 SYSTEMPATH\CodeIgniter.php(925): App\Controllers\AjaxStudentController->store()
 2 SYSTEMPATH\CodeIgniter.php(480): CodeIgniter\CodeIgniter->runController()
 3 SYSTEMPATH\CodeIgniter.php(349): CodeIgniter\CodeIgniter->handleRequest()
 4 FCPATH\index.php(67): CodeIgniter\CodeIgniter->run()
 5 SYSTEMPATH\Commands\Server\rewrite.php(47): require_once('FCPATH\\index.php')
CRITICAL - 2023-01-05 08:41:23 --> Class "App\Models\Ajaxstudent" not found
in APPPATH\Controllers\AjaxStudentController.php on line 16.
 1 SYSTEMPATH\CodeIgniter.php(925): App\Controllers\AjaxStudentController->store()
 2 SYSTEMPATH\CodeIgniter.php(480): CodeIgniter\CodeIgniter->runController()
 3 SYSTEMPATH\CodeIgniter.php(349): CodeIgniter\CodeIgniter->handleRequest()
 4 FCPATH\index.php(67): CodeIgniter\CodeIgniter->run()
 5 SYSTEMPATH\Commands\Server\rewrite.php(47): require_once('FCPATH\\index.php')
CRITICAL - 2023-01-05 08:41:23 --> Class "App\Models\Ajaxstudent" not found
in APPPATH\Controllers\AjaxStudentController.php on line 16.
 1 SYSTEMPATH\CodeIgniter.php(925): App\Controllers\AjaxStudentController->store()
 2 SYSTEMPATH\CodeIgniter.php(480): CodeIgniter\CodeIgniter->runController()
 3 SYSTEMPATH\CodeIgniter.php(349): CodeIgniter\CodeIgniter->handleRequest()
 4 FCPATH\index.php(67): CodeIgniter\CodeIgniter->run()
 5 SYSTEMPATH\Commands\Server\rewrite.php(47): require_once('FCPATH\\index.php')
CRITICAL - 2023-01-05 08:41:23 --> Class "App\Models\Ajaxstudent" not found
in APPPATH\Controllers\AjaxStudentController.php on line 16.
 1 SYSTEMPATH\CodeIgniter.php(925): App\Controllers\AjaxStudentController->store()
 2 SYSTEMPATH\CodeIgniter.php(480): CodeIgniter\CodeIgniter->runController()
 3 SYSTEMPATH\CodeIgniter.php(349): CodeIgniter\CodeIgniter->handleRequest()
 4 FCPATH\index.php(67): CodeIgniter\CodeIgniter->run()
 5 SYSTEMPATH\Commands\Server\rewrite.php(47): require_once('FCPATH\\index.php')
CRITICAL - 2023-01-05 08:46:29 --> Class "App\Controllers\AjaxStudent" not found
in APPPATH\Controllers\StudentController.php on line 23.
 1 SYSTEMPATH\CodeIgniter.php(925): App\Controllers\StudentController->store()
 2 SYSTEMPATH\CodeIgniter.php(480): CodeIgniter\CodeIgniter->runController()
 3 SYSTEMPATH\CodeIgniter.php(349): CodeIgniter\CodeIgniter->handleRequest()
 4 FCPATH\index.php(67): CodeIgniter\CodeIgniter->run()
 5 SYSTEMPATH\Commands\Server\rewrite.php(47): require_once('FCPATH\\index.php')
CRITICAL - 2023-01-05 08:49:58 --> Class "App\Controllers\StudentModel" not found
in APPPATH\Controllers\AjaxStudentController.php on line 16.
 1 SYSTEMPATH\CodeIgniter.php(925): App\Controllers\AjaxStudentController->store()
 2 SYSTEMPATH\CodeIgniter.php(480): CodeIgniter\CodeIgniter->runController()
 3 SYSTEMPATH\CodeIgniter.php(349): CodeIgniter\CodeIgniter->handleRequest()
 4 FCPATH\index.php(67): CodeIgniter\CodeIgniter->run()
 5 SYSTEMPATH\Commands\Server\rewrite.php(47): require_once('FCPATH\\index.php')
CRITICAL - 2023-01-05 08:50:52 --> Class "App\Controllers\StudentModel" not found
in APPPATH\Controllers\AjaxStudentController.php on line 16.
 1 SYSTEMPATH\CodeIgniter.php(925): App\Controllers\AjaxStudentController->store()
 2 SYSTEMPATH\CodeIgniter.php(480): CodeIgniter\CodeIgniter->runController()
 3 SYSTEMPATH\CodeIgniter.php(349): CodeIgniter\CodeIgniter->handleRequest()
 4 FCPATH\index.php(67): CodeIgniter\CodeIgniter->run()
 5 SYSTEMPATH\Commands\Server\rewrite.php(47): require_once('FCPATH\\index.php')
CRITICAL - 2023-01-05 08:50:53 --> Class "App\Controllers\StudentModel" not found
in APPPATH\Controllers\AjaxStudentController.php on line 16.
 1 SYSTEMPATH\CodeIgniter.php(925): App\Controllers\AjaxStudentController->store()
 2 SYSTEMPATH\CodeIgniter.php(480): CodeIgniter\CodeIgniter->runController()
 3 SYSTEMPATH\CodeIgniter.php(349): CodeIgniter\CodeIgniter->handleRequest()
 4 FCPATH\index.php(67): CodeIgniter\CodeIgniter->run()
 5 SYSTEMPATH\Commands\Server\rewrite.php(47): require_once('FCPATH\\index.php')
CRITICAL - 2023-01-05 08:52:52 --> Class "App\Controllers\StudentModel" not found
in APPPATH\Controllers\AjaxStudentController.php on line 33.
 1 SYSTEMPATH\CodeIgniter.php(925): App\Controllers\AjaxStudentController->store()
 2 SYSTEMPATH\CodeIgniter.php(480): CodeIgniter\CodeIgniter->runController()
 3 SYSTEMPATH\CodeIgniter.php(349): CodeIgniter\CodeIgniter->handleRequest()
 4 FCPATH\index.php(67): CodeIgniter\CodeIgniter->run()
 5 SYSTEMPATH\Commands\Server\rewrite.php(47): require_once('FCPATH\\index.php')
CRITICAL - 2023-01-05 08:54:15 --> Class "App\Controllers\StudentModel" not found
in APPPATH\Controllers\AjaxStudentController.php on line 16.
 1 SYSTEMPATH\CodeIgniter.php(925): App\Controllers\AjaxStudentController->store()
 2 SYSTEMPATH\CodeIgniter.php(480): CodeIgniter\CodeIgniter->runController()
 3 SYSTEMPATH\CodeIgniter.php(349): CodeIgniter\CodeIgniter->handleRequest()
 4 FCPATH\index.php(67): CodeIgniter\CodeIgniter->run()
 5 SYSTEMPATH\Commands\Server\rewrite.php(47): require_once('FCPATH\\index.php')
CRITICAL - 2023-01-05 08:55:52 --> Class "App\Controllers\StudentModel" not found
in APPPATH\Controllers\AjaxStudentController.php on line 16.
 1 SYSTEMPATH\CodeIgniter.php(925): App\Controllers\AjaxStudentController->store()
 2 SYSTEMPATH\CodeIgniter.php(480): CodeIgniter\CodeIgniter->runController()
 3 SYSTEMPATH\CodeIgniter.php(349): CodeIgniter\CodeIgniter->handleRequest()
 4 FCPATH\index.php(67): CodeIgniter\CodeIgniter->run()
 5 SYSTEMPATH\Commands\Server\rewrite.php(47): require_once('FCPATH\\index.php')
CRITICAL - 2023-01-05 08:58:41 --> Class "App\Models\Ajaxstudent" not found
in APPPATH\Controllers\AjaxStudentController.php on line 18.
 1 SYSTEMPATH\CodeIgniter.php(925): App\Controllers\AjaxStudentController->store()
 2 SYSTEMPATH\CodeIgniter.php(480): CodeIgniter\CodeIgniter->runController()
 3 SYSTEMPATH\CodeIgniter.php(349): CodeIgniter\CodeIgniter->handleRequest()
 4 FCPATH\index.php(67): CodeIgniter\CodeIgniter->run()
 5 SYSTEMPATH\Commands\Server\rewrite.php(47): require_once('FCPATH\\index.php')
