ERROR - 2023-01-06 00:22:28 --> Error connecting to the database: mysqli_sql_exception: No connection could be made because the target machine actively refused it in D:\INSTALLATIONS\XAMPP\htdocs\codeigniter\codeigniter4\system\Database\MySQLi\Connection.php:171
Stack trace:
#0 D:\INSTALLATIONS\XAMPP\htdocs\codeigniter\codeigniter4\system\Database\MySQLi\Connection.php(171): mysqli->real_connect()
#1 D:\INSTALLATIONS\XAMPP\htdocs\codeigniter\codeigniter4\system\Database\BaseConnection.php(382): CodeIgniter\Database\MySQLi\Connection->connect()
#2 D:\INSTALLATIONS\XAMPP\htdocs\codeigniter\codeigniter4\system\Database\BaseConnection.php(561): CodeIgniter\Database\BaseConnection->initialize()
#3 D:\INSTALLATIONS\XAMPP\htdocs\codeigniter\codeigniter4\system\Database\BaseBuilder.php(1585): CodeIgniter\Database\BaseConnection->query()
#4 D:\INSTALLATIONS\XAMPP\htdocs\codeigniter\codeigniter4\system\Model.php(240): CodeIgniter\Database\BaseBuilder->get()
#5 D:\INSTALLATIONS\XAMPP\htdocs\codeigniter\codeigniter4\system\BaseModel.php(586): CodeIgniter\Model->doFindAll()
#6 D:\INSTALLATIONS\XAMPP\htdocs\codeigniter\codeigniter4\app\Controllers\AjaxStudentController.php(36): CodeIgniter\BaseModel->findAll()
#7 D:\INSTALLATIONS\XAMPP\htdocs\codeigniter\codeigniter4\system\CodeIgniter.php(925): App\Controllers\AjaxStudentController->fetch()
#8 D:\INSTALLATIONS\XAMPP\htdocs\codeigniter\codeigniter4\system\CodeIgniter.php(480): CodeIgniter\CodeIgniter->runController()
#9 D:\INSTALLATIONS\XAMPP\htdocs\codeigniter\codeigniter4\system\CodeIgniter.php(349): CodeIgniter\CodeIgniter->handleRequest()
#10 D:\INSTALLATIONS\XAMPP\htdocs\codeigniter\codeigniter4\public\index.php(67): CodeIgniter\CodeIgniter->run()
#11 D:\INSTALLATIONS\XAMPP\htdocs\codeigniter\codeigniter4\system\Commands\Server\rewrite.php(47): require_once('...')
#12 {main}

Next CodeIgniter\Database\Exceptions\DatabaseException: No connection could be made because the target machine actively refused it in D:\INSTALLATIONS\XAMPP\htdocs\codeigniter\codeigniter4\system\Database\MySQLi\Connection.php:215
Stack trace:
#0 D:\INSTALLATIONS\XAMPP\htdocs\codeigniter\codeigniter4\system\Database\BaseConnection.php(382): CodeIgniter\Database\MySQLi\Connection->connect()
#1 D:\INSTALLATIONS\XAMPP\htdocs\codeigniter\codeigniter4\system\Database\BaseConnection.php(561): CodeIgniter\Database\BaseConnection->initialize()
#2 D:\INSTALLATIONS\XAMPP\htdocs\codeigniter\codeigniter4\system\Database\BaseBuilder.php(1585): CodeIgniter\Database\BaseConnection->query()
#3 D:\INSTALLATIONS\XAMPP\htdocs\codeigniter\codeigniter4\system\Model.php(240): CodeIgniter\Database\BaseBuilder->get()
#4 D:\INSTALLATIONS\XAMPP\htdocs\codeigniter\codeigniter4\system\BaseModel.php(586): CodeIgniter\Model->doFindAll()
#5 D:\INSTALLATIONS\XAMPP\htdocs\codeigniter\codeigniter4\app\Controllers\AjaxStudentController.php(36): CodeIgniter\BaseModel->findAll()
#6 D:\INSTALLATIONS\XAMPP\htdocs\codeigniter\codeigniter4\system\CodeIgniter.php(925): App\Controllers\AjaxStudentController->fetch()
#7 D:\INSTALLATIONS\XAMPP\htdocs\codeigniter\codeigniter4\system\CodeIgniter.php(480): CodeIgniter\CodeIgniter->runController()
#8 D:\INSTALLATIONS\XAMPP\htdocs\codeigniter\codeigniter4\system\CodeIgniter.php(349): CodeIgniter\CodeIgniter->handleRequest()
#9 D:\INSTALLATIONS\XAMPP\htdocs\codeigniter\codeigniter4\public\index.php(67): CodeIgniter\CodeIgniter->run()
#10 D:\INSTALLATIONS\XAMPP\htdocs\codeigniter\codeigniter4\system\Commands\Server\rewrite.php(47): require_once('...')
#11 {main}
CRITICAL - 2023-01-06 00:22:28 --> Unable to connect to the database.
Main connection [MySQLi]: No connection could be made because the target machine actively refused it
in SYSTEMPATH\Database\BaseConnection.php on line 418.
 1 SYSTEMPATH\Database\BaseConnection.php(561): CodeIgniter\Database\BaseConnection->initialize()
 2 SYSTEMPATH\Database\BaseBuilder.php(1585): CodeIgniter\Database\BaseConnection->query()
 3 SYSTEMPATH\Model.php(240): CodeIgniter\Database\BaseBuilder->get()
 4 SYSTEMPATH\BaseModel.php(586): CodeIgniter\Model->doFindAll()
 5 APPPATH\Controllers\AjaxStudentController.php(36): CodeIgniter\BaseModel->findAll()
 6 SYSTEMPATH\CodeIgniter.php(925): App\Controllers\AjaxStudentController->fetch()
 7 SYSTEMPATH\CodeIgniter.php(480): CodeIgniter\CodeIgniter->runController()
 8 SYSTEMPATH\CodeIgniter.php(349): CodeIgniter\CodeIgniter->handleRequest()
 9 FCPATH\index.php(67): CodeIgniter\CodeIgniter->run()
10 SYSTEMPATH\Commands\Server\rewrite.php(47): require_once('FCPATH\\index.php')
ERROR - 2023-01-06 00:22:33 --> Error connecting to the database: mysqli_sql_exception: No connection could be made because the target machine actively refused it in D:\INSTALLATIONS\XAMPP\htdocs\codeigniter\codeigniter4\system\Database\MySQLi\Connection.php:171
Stack trace:
#0 D:\INSTALLATIONS\XAMPP\htdocs\codeigniter\codeigniter4\system\Database\MySQLi\Connection.php(171): mysqli->real_connect()
#1 D:\INSTALLATIONS\XAMPP\htdocs\codeigniter\codeigniter4\system\Database\BaseConnection.php(382): CodeIgniter\Database\MySQLi\Connection->connect()
#2 D:\INSTALLATIONS\XAMPP\htdocs\codeigniter\codeigniter4\system\Database\BaseConnection.php(561): CodeIgniter\Database\BaseConnection->initialize()
#3 D:\INSTALLATIONS\XAMPP\htdocs\codeigniter\codeigniter4\system\Database\BaseBuilder.php(1585): CodeIgniter\Database\BaseConnection->query()
#4 D:\INSTALLATIONS\XAMPP\htdocs\codeigniter\codeigniter4\system\Model.php(240): CodeIgniter\Database\BaseBuilder->get()
#5 D:\INSTALLATIONS\XAMPP\htdocs\codeigniter\codeigniter4\system\BaseModel.php(586): CodeIgniter\Model->doFindAll()
#6 D:\INSTALLATIONS\XAMPP\htdocs\codeigniter\codeigniter4\app\Controllers\AjaxStudentController.php(36): CodeIgniter\BaseModel->findAll()
#7 D:\INSTALLATIONS\XAMPP\htdocs\codeigniter\codeigniter4\system\CodeIgniter.php(925): App\Controllers\AjaxStudentController->fetch()
#8 D:\INSTALLATIONS\XAMPP\htdocs\codeigniter\codeigniter4\system\CodeIgniter.php(480): CodeIgniter\CodeIgniter->runController()
#9 D:\INSTALLATIONS\XAMPP\htdocs\codeigniter\codeigniter4\system\CodeIgniter.php(349): CodeIgniter\CodeIgniter->handleRequest()
#10 D:\INSTALLATIONS\XAMPP\htdocs\codeigniter\codeigniter4\public\index.php(67): CodeIgniter\CodeIgniter->run()
#11 D:\INSTALLATIONS\XAMPP\htdocs\codeigniter\codeigniter4\system\Commands\Server\rewrite.php(47): require_once('...')
#12 {main}

Next CodeIgniter\Database\Exceptions\DatabaseException: No connection could be made because the target machine actively refused it in D:\INSTALLATIONS\XAMPP\htdocs\codeigniter\codeigniter4\system\Database\MySQLi\Connection.php:215
Stack trace:
#0 D:\INSTALLATIONS\XAMPP\htdocs\codeigniter\codeigniter4\system\Database\BaseConnection.php(382): CodeIgniter\Database\MySQLi\Connection->connect()
#1 D:\INSTALLATIONS\XAMPP\htdocs\codeigniter\codeigniter4\system\Database\BaseConnection.php(561): CodeIgniter\Database\BaseConnection->initialize()
#2 D:\INSTALLATIONS\XAMPP\htdocs\codeigniter\codeigniter4\system\Database\BaseBuilder.php(1585): CodeIgniter\Database\BaseConnection->query()
#3 D:\INSTALLATIONS\XAMPP\htdocs\codeigniter\codeigniter4\system\Model.php(240): CodeIgniter\Database\BaseBuilder->get()
#4 D:\INSTALLATIONS\XAMPP\htdocs\codeigniter\codeigniter4\system\BaseModel.php(586): CodeIgniter\Model->doFindAll()
#5 D:\INSTALLATIONS\XAMPP\htdocs\codeigniter\codeigniter4\app\Controllers\AjaxStudentController.php(36): CodeIgniter\BaseModel->findAll()
#6 D:\INSTALLATIONS\XAMPP\htdocs\codeigniter\codeigniter4\system\CodeIgniter.php(925): App\Controllers\AjaxStudentController->fetch()
#7 D:\INSTALLATIONS\XAMPP\htdocs\codeigniter\codeigniter4\system\CodeIgniter.php(480): CodeIgniter\CodeIgniter->runController()
#8 D:\INSTALLATIONS\XAMPP\htdocs\codeigniter\codeigniter4\system\CodeIgniter.php(349): CodeIgniter\CodeIgniter->handleRequest()
#9 D:\INSTALLATIONS\XAMPP\htdocs\codeigniter\codeigniter4\public\index.php(67): CodeIgniter\CodeIgniter->run()
#10 D:\INSTALLATIONS\XAMPP\htdocs\codeigniter\codeigniter4\system\Commands\Server\rewrite.php(47): require_once('...')
#11 {main}
CRITICAL - 2023-01-06 00:22:33 --> Unable to connect to the database.
Main connection [MySQLi]: No connection could be made because the target machine actively refused it
in SYSTEMPATH\Database\BaseConnection.php on line 418.
 1 SYSTEMPATH\Database\BaseConnection.php(561): CodeIgniter\Database\BaseConnection->initialize()
 2 SYSTEMPATH\Database\BaseBuilder.php(1585): CodeIgniter\Database\BaseConnection->query()
 3 SYSTEMPATH\Model.php(240): CodeIgniter\Database\BaseBuilder->get()
 4 SYSTEMPATH\BaseModel.php(586): CodeIgniter\Model->doFindAll()
 5 APPPATH\Controllers\AjaxStudentController.php(36): CodeIgniter\BaseModel->findAll()
 6 SYSTEMPATH\CodeIgniter.php(925): App\Controllers\AjaxStudentController->fetch()
 7 SYSTEMPATH\CodeIgniter.php(480): CodeIgniter\CodeIgniter->runController()
 8 SYSTEMPATH\CodeIgniter.php(349): CodeIgniter\CodeIgniter->handleRequest()
 9 FCPATH\index.php(67): CodeIgniter\CodeIgniter->run()
10 SYSTEMPATH\Commands\Server\rewrite.php(47): require_once('FCPATH\\index.php')
CRITICAL - 2023-01-06 09:30:32 --> Undefined variable $student
in APPPATH\Controllers\AjaxStudentController.php on line 70.
 1 APPPATH\Controllers\AjaxStudentController.php(70): CodeIgniter\Debug\Exceptions->errorHandler()
 2 SYSTEMPATH\CodeIgniter.php(925): App\Controllers\AjaxStudentController->update()
 3 SYSTEMPATH\CodeIgniter.php(480): CodeIgniter\CodeIgniter->runController()
 4 SYSTEMPATH\CodeIgniter.php(349): CodeIgniter\CodeIgniter->handleRequest()
 5 FCPATH\index.php(67): CodeIgniter\CodeIgniter->run()
 6 SYSTEMPATH\Commands\Server\rewrite.php(47): require_once('FCPATH\\index.php')
CRITICAL - 2023-01-06 09:30:33 --> Undefined variable $student
in APPPATH\Controllers\AjaxStudentController.php on line 70.
 1 APPPATH\Controllers\AjaxStudentController.php(70): CodeIgniter\Debug\Exceptions->errorHandler()
 2 SYSTEMPATH\CodeIgniter.php(925): App\Controllers\AjaxStudentController->update()
 3 SYSTEMPATH\CodeIgniter.php(480): CodeIgniter\CodeIgniter->runController()
 4 SYSTEMPATH\CodeIgniter.php(349): CodeIgniter\CodeIgniter->handleRequest()
 5 FCPATH\index.php(67): CodeIgniter\CodeIgniter->run()
 6 SYSTEMPATH\Commands\Server\rewrite.php(47): require_once('FCPATH\\index.php')
CRITICAL - 2023-01-06 09:30:33 --> Undefined variable $student
in APPPATH\Controllers\AjaxStudentController.php on line 70.
 1 APPPATH\Controllers\AjaxStudentController.php(70): CodeIgniter\Debug\Exceptions->errorHandler()
 2 SYSTEMPATH\CodeIgniter.php(925): App\Controllers\AjaxStudentController->update()
 3 SYSTEMPATH\CodeIgniter.php(480): CodeIgniter\CodeIgniter->runController()
 4 SYSTEMPATH\CodeIgniter.php(349): CodeIgniter\CodeIgniter->handleRequest()
 5 FCPATH\index.php(67): CodeIgniter\CodeIgniter->run()
 6 SYSTEMPATH\Commands\Server\rewrite.php(47): require_once('FCPATH\\index.php')
CRITICAL - 2023-01-06 09:30:33 --> Undefined variable $student
in APPPATH\Controllers\AjaxStudentController.php on line 70.
 1 APPPATH\Controllers\AjaxStudentController.php(70): CodeIgniter\Debug\Exceptions->errorHandler()
 2 SYSTEMPATH\CodeIgniter.php(925): App\Controllers\AjaxStudentController->update()
 3 SYSTEMPATH\CodeIgniter.php(480): CodeIgniter\CodeIgniter->runController()
 4 SYSTEMPATH\CodeIgniter.php(349): CodeIgniter\CodeIgniter->handleRequest()
 5 FCPATH\index.php(67): CodeIgniter\CodeIgniter->run()
 6 SYSTEMPATH\Commands\Server\rewrite.php(47): require_once('FCPATH\\index.php')
CRITICAL - 2023-01-06 09:30:34 --> Undefined variable $student
in APPPATH\Controllers\AjaxStudentController.php on line 70.
 1 APPPATH\Controllers\AjaxStudentController.php(70): CodeIgniter\Debug\Exceptions->errorHandler()
 2 SYSTEMPATH\CodeIgniter.php(925): App\Controllers\AjaxStudentController->update()
 3 SYSTEMPATH\CodeIgniter.php(480): CodeIgniter\CodeIgniter->runController()
 4 SYSTEMPATH\CodeIgniter.php(349): CodeIgniter\CodeIgniter->handleRequest()
 5 FCPATH\index.php(67): CodeIgniter\CodeIgniter->run()
 6 SYSTEMPATH\Commands\Server\rewrite.php(47): require_once('FCPATH\\index.php')
CRITICAL - 2023-01-06 09:30:34 --> Undefined variable $student
in APPPATH\Controllers\AjaxStudentController.php on line 70.
 1 APPPATH\Controllers\AjaxStudentController.php(70): CodeIgniter\Debug\Exceptions->errorHandler()
 2 SYSTEMPATH\CodeIgniter.php(925): App\Controllers\AjaxStudentController->update()
 3 SYSTEMPATH\CodeIgniter.php(480): CodeIgniter\CodeIgniter->runController()
 4 SYSTEMPATH\CodeIgniter.php(349): CodeIgniter\CodeIgniter->handleRequest()
 5 FCPATH\index.php(67): CodeIgniter\CodeIgniter->run()
 6 SYSTEMPATH\Commands\Server\rewrite.php(47): require_once('FCPATH\\index.php')
CRITICAL - 2023-01-06 09:30:34 --> Undefined variable $student
in APPPATH\Controllers\AjaxStudentController.php on line 70.
 1 APPPATH\Controllers\AjaxStudentController.php(70): CodeIgniter\Debug\Exceptions->errorHandler()
 2 SYSTEMPATH\CodeIgniter.php(925): App\Controllers\AjaxStudentController->update()
 3 SYSTEMPATH\CodeIgniter.php(480): CodeIgniter\CodeIgniter->runController()
 4 SYSTEMPATH\CodeIgniter.php(349): CodeIgniter\CodeIgniter->handleRequest()
 5 FCPATH\index.php(67): CodeIgniter\CodeIgniter->run()
 6 SYSTEMPATH\Commands\Server\rewrite.php(47): require_once('FCPATH\\index.php')
CRITICAL - 2023-01-06 09:30:34 --> Undefined variable $student
in APPPATH\Controllers\AjaxStudentController.php on line 70.
 1 APPPATH\Controllers\AjaxStudentController.php(70): CodeIgniter\Debug\Exceptions->errorHandler()
 2 SYSTEMPATH\CodeIgniter.php(925): App\Controllers\AjaxStudentController->update()
 3 SYSTEMPATH\CodeIgniter.php(480): CodeIgniter\CodeIgniter->runController()
 4 SYSTEMPATH\CodeIgniter.php(349): CodeIgniter\CodeIgniter->handleRequest()
 5 FCPATH\index.php(67): CodeIgniter\CodeIgniter->run()
 6 SYSTEMPATH\Commands\Server\rewrite.php(47): require_once('FCPATH\\index.php')
CRITICAL - 2023-01-06 09:30:34 --> Undefined variable $student
in APPPATH\Controllers\AjaxStudentController.php on line 70.
 1 APPPATH\Controllers\AjaxStudentController.php(70): CodeIgniter\Debug\Exceptions->errorHandler()
 2 SYSTEMPATH\CodeIgniter.php(925): App\Controllers\AjaxStudentController->update()
 3 SYSTEMPATH\CodeIgniter.php(480): CodeIgniter\CodeIgniter->runController()
 4 SYSTEMPATH\CodeIgniter.php(349): CodeIgniter\CodeIgniter->handleRequest()
 5 FCPATH\index.php(67): CodeIgniter\CodeIgniter->run()
 6 SYSTEMPATH\Commands\Server\rewrite.php(47): require_once('FCPATH\\index.php')
CRITICAL - 2023-01-06 09:30:34 --> Undefined variable $student
in APPPATH\Controllers\AjaxStudentController.php on line 70.
 1 APPPATH\Controllers\AjaxStudentController.php(70): CodeIgniter\Debug\Exceptions->errorHandler()
 2 SYSTEMPATH\CodeIgniter.php(925): App\Controllers\AjaxStudentController->update()
 3 SYSTEMPATH\CodeIgniter.php(480): CodeIgniter\CodeIgniter->runController()
 4 SYSTEMPATH\CodeIgniter.php(349): CodeIgniter\CodeIgniter->handleRequest()
 5 FCPATH\index.php(67): CodeIgniter\CodeIgniter->run()
 6 SYSTEMPATH\Commands\Server\rewrite.php(47): require_once('FCPATH\\index.php')
CRITICAL - 2023-01-06 09:31:38 --> Undefined variable $student
in APPPATH\Controllers\AjaxStudentController.php on line 70.
 1 APPPATH\Controllers\AjaxStudentController.php(70): CodeIgniter\Debug\Exceptions->errorHandler()
 2 SYSTEMPATH\CodeIgniter.php(925): App\Controllers\AjaxStudentController->update()
 3 SYSTEMPATH\CodeIgniter.php(480): CodeIgniter\CodeIgniter->runController()
 4 SYSTEMPATH\CodeIgniter.php(349): CodeIgniter\CodeIgniter->handleRequest()
 5 FCPATH\index.php(67): CodeIgniter\CodeIgniter->run()
 6 SYSTEMPATH\Commands\Server\rewrite.php(47): require_once('FCPATH\\index.php')
CRITICAL - 2023-01-06 09:31:39 --> Undefined variable $student
in APPPATH\Controllers\AjaxStudentController.php on line 70.
 1 APPPATH\Controllers\AjaxStudentController.php(70): CodeIgniter\Debug\Exceptions->errorHandler()
 2 SYSTEMPATH\CodeIgniter.php(925): App\Controllers\AjaxStudentController->update()
 3 SYSTEMPATH\CodeIgniter.php(480): CodeIgniter\CodeIgniter->runController()
 4 SYSTEMPATH\CodeIgniter.php(349): CodeIgniter\CodeIgniter->handleRequest()
 5 FCPATH\index.php(67): CodeIgniter\CodeIgniter->run()
 6 SYSTEMPATH\Commands\Server\rewrite.php(47): require_once('FCPATH\\index.php')
CRITICAL - 2023-01-06 09:31:39 --> Undefined variable $student
in APPPATH\Controllers\AjaxStudentController.php on line 70.
 1 APPPATH\Controllers\AjaxStudentController.php(70): CodeIgniter\Debug\Exceptions->errorHandler()
 2 SYSTEMPATH\CodeIgniter.php(925): App\Controllers\AjaxStudentController->update()
 3 SYSTEMPATH\CodeIgniter.php(480): CodeIgniter\CodeIgniter->runController()
 4 SYSTEMPATH\CodeIgniter.php(349): CodeIgniter\CodeIgniter->handleRequest()
 5 FCPATH\index.php(67): CodeIgniter\CodeIgniter->run()
 6 SYSTEMPATH\Commands\Server\rewrite.php(47): require_once('FCPATH\\index.php')
CRITICAL - 2023-01-06 09:31:39 --> Undefined variable $student
in APPPATH\Controllers\AjaxStudentController.php on line 70.
 1 APPPATH\Controllers\AjaxStudentController.php(70): CodeIgniter\Debug\Exceptions->errorHandler()
 2 SYSTEMPATH\CodeIgniter.php(925): App\Controllers\AjaxStudentController->update()
 3 SYSTEMPATH\CodeIgniter.php(480): CodeIgniter\CodeIgniter->runController()
 4 SYSTEMPATH\CodeIgniter.php(349): CodeIgniter\CodeIgniter->handleRequest()
 5 FCPATH\index.php(67): CodeIgniter\CodeIgniter->run()
 6 SYSTEMPATH\Commands\Server\rewrite.php(47): require_once('FCPATH\\index.php')
CRITICAL - 2023-01-06 09:31:39 --> Undefined variable $student
in APPPATH\Controllers\AjaxStudentController.php on line 70.
 1 APPPATH\Controllers\AjaxStudentController.php(70): CodeIgniter\Debug\Exceptions->errorHandler()
 2 SYSTEMPATH\CodeIgniter.php(925): App\Controllers\AjaxStudentController->update()
 3 SYSTEMPATH\CodeIgniter.php(480): CodeIgniter\CodeIgniter->runController()
 4 SYSTEMPATH\CodeIgniter.php(349): CodeIgniter\CodeIgniter->handleRequest()
 5 FCPATH\index.php(67): CodeIgniter\CodeIgniter->run()
 6 SYSTEMPATH\Commands\Server\rewrite.php(47): require_once('FCPATH\\index.php')
CRITICAL - 2023-01-06 09:31:40 --> Undefined variable $student
in APPPATH\Controllers\AjaxStudentController.php on line 70.
 1 APPPATH\Controllers\AjaxStudentController.php(70): CodeIgniter\Debug\Exceptions->errorHandler()
 2 SYSTEMPATH\CodeIgniter.php(925): App\Controllers\AjaxStudentController->update()
 3 SYSTEMPATH\CodeIgniter.php(480): CodeIgniter\CodeIgniter->runController()
 4 SYSTEMPATH\CodeIgniter.php(349): CodeIgniter\CodeIgniter->handleRequest()
 5 FCPATH\index.php(67): CodeIgniter\CodeIgniter->run()
 6 SYSTEMPATH\Commands\Server\rewrite.php(47): require_once('FCPATH\\index.php')
CRITICAL - 2023-01-06 09:31:40 --> Undefined variable $student
in APPPATH\Controllers\AjaxStudentController.php on line 70.
 1 APPPATH\Controllers\AjaxStudentController.php(70): CodeIgniter\Debug\Exceptions->errorHandler()
 2 SYSTEMPATH\CodeIgniter.php(925): App\Controllers\AjaxStudentController->update()
 3 SYSTEMPATH\CodeIgniter.php(480): CodeIgniter\CodeIgniter->runController()
 4 SYSTEMPATH\CodeIgniter.php(349): CodeIgniter\CodeIgniter->handleRequest()
 5 FCPATH\index.php(67): CodeIgniter\CodeIgniter->run()
 6 SYSTEMPATH\Commands\Server\rewrite.php(47): require_once('FCPATH\\index.php')
CRITICAL - 2023-01-06 09:31:41 --> Undefined variable $student
in APPPATH\Controllers\AjaxStudentController.php on line 70.
 1 APPPATH\Controllers\AjaxStudentController.php(70): CodeIgniter\Debug\Exceptions->errorHandler()
 2 SYSTEMPATH\CodeIgniter.php(925): App\Controllers\AjaxStudentController->update()
 3 SYSTEMPATH\CodeIgniter.php(480): CodeIgniter\CodeIgniter->runController()
 4 SYSTEMPATH\CodeIgniter.php(349): CodeIgniter\CodeIgniter->handleRequest()
 5 FCPATH\index.php(67): CodeIgniter\CodeIgniter->run()
 6 SYSTEMPATH\Commands\Server\rewrite.php(47): require_once('FCPATH\\index.php')
CRITICAL - 2023-01-06 09:31:41 --> Undefined variable $student
in APPPATH\Controllers\AjaxStudentController.php on line 70.
 1 APPPATH\Controllers\AjaxStudentController.php(70): CodeIgniter\Debug\Exceptions->errorHandler()
 2 SYSTEMPATH\CodeIgniter.php(925): App\Controllers\AjaxStudentController->update()
 3 SYSTEMPATH\CodeIgniter.php(480): CodeIgniter\CodeIgniter->runController()
 4 SYSTEMPATH\CodeIgniter.php(349): CodeIgniter\CodeIgniter->handleRequest()
 5 FCPATH\index.php(67): CodeIgniter\CodeIgniter->run()
 6 SYSTEMPATH\Commands\Server\rewrite.php(47): require_once('FCPATH\\index.php')
CRITICAL - 2023-01-06 09:31:41 --> Undefined variable $student
in APPPATH\Controllers\AjaxStudentController.php on line 70.
 1 APPPATH\Controllers\AjaxStudentController.php(70): CodeIgniter\Debug\Exceptions->errorHandler()
 2 SYSTEMPATH\CodeIgniter.php(925): App\Controllers\AjaxStudentController->update()
 3 SYSTEMPATH\CodeIgniter.php(480): CodeIgniter\CodeIgniter->runController()
 4 SYSTEMPATH\CodeIgniter.php(349): CodeIgniter\CodeIgniter->handleRequest()
 5 FCPATH\index.php(67): CodeIgniter\CodeIgniter->run()
 6 SYSTEMPATH\Commands\Server\rewrite.php(47): require_once('FCPATH\\index.php')
CRITICAL - 2023-01-06 09:31:41 --> Undefined variable $student
in APPPATH\Controllers\AjaxStudentController.php on line 70.
 1 APPPATH\Controllers\AjaxStudentController.php(70): CodeIgniter\Debug\Exceptions->errorHandler()
 2 SYSTEMPATH\CodeIgniter.php(925): App\Controllers\AjaxStudentController->update()
 3 SYSTEMPATH\CodeIgniter.php(480): CodeIgniter\CodeIgniter->runController()
 4 SYSTEMPATH\CodeIgniter.php(349): CodeIgniter\CodeIgniter->handleRequest()
 5 FCPATH\index.php(67): CodeIgniter\CodeIgniter->run()
 6 SYSTEMPATH\Commands\Server\rewrite.php(47): require_once('FCPATH\\index.php')
CRITICAL - 2023-01-06 09:32:49 --> Undefined variable $student
in APPPATH\Controllers\AjaxStudentController.php on line 70.
 1 APPPATH\Controllers\AjaxStudentController.php(70): CodeIgniter\Debug\Exceptions->errorHandler()
 2 SYSTEMPATH\CodeIgniter.php(925): App\Controllers\AjaxStudentController->update()
 3 SYSTEMPATH\CodeIgniter.php(480): CodeIgniter\CodeIgniter->runController()
 4 SYSTEMPATH\CodeIgniter.php(349): CodeIgniter\CodeIgniter->handleRequest()
 5 FCPATH\index.php(67): CodeIgniter\CodeIgniter->run()
 6 SYSTEMPATH\Commands\Server\rewrite.php(47): require_once('FCPATH\\index.php')
CRITICAL - 2023-01-06 09:32:51 --> Undefined variable $student
in APPPATH\Controllers\AjaxStudentController.php on line 70.
 1 APPPATH\Controllers\AjaxStudentController.php(70): CodeIgniter\Debug\Exceptions->errorHandler()
 2 SYSTEMPATH\CodeIgniter.php(925): App\Controllers\AjaxStudentController->update()
 3 SYSTEMPATH\CodeIgniter.php(480): CodeIgniter\CodeIgniter->runController()
 4 SYSTEMPATH\CodeIgniter.php(349): CodeIgniter\CodeIgniter->handleRequest()
 5 FCPATH\index.php(67): CodeIgniter\CodeIgniter->run()
 6 SYSTEMPATH\Commands\Server\rewrite.php(47): require_once('FCPATH\\index.php')
CRITICAL - 2023-01-06 09:32:52 --> Undefined variable $student
in APPPATH\Controllers\AjaxStudentController.php on line 70.
 1 APPPATH\Controllers\AjaxStudentController.php(70): CodeIgniter\Debug\Exceptions->errorHandler()
 2 SYSTEMPATH\CodeIgniter.php(925): App\Controllers\AjaxStudentController->update()
 3 SYSTEMPATH\CodeIgniter.php(480): CodeIgniter\CodeIgniter->runController()
 4 SYSTEMPATH\CodeIgniter.php(349): CodeIgniter\CodeIgniter->handleRequest()
 5 FCPATH\index.php(67): CodeIgniter\CodeIgniter->run()
 6 SYSTEMPATH\Commands\Server\rewrite.php(47): require_once('FCPATH\\index.php')
CRITICAL - 2023-01-06 09:32:52 --> Undefined variable $student
in APPPATH\Controllers\AjaxStudentController.php on line 70.
 1 APPPATH\Controllers\AjaxStudentController.php(70): CodeIgniter\Debug\Exceptions->errorHandler()
 2 SYSTEMPATH\CodeIgniter.php(925): App\Controllers\AjaxStudentController->update()
 3 SYSTEMPATH\CodeIgniter.php(480): CodeIgniter\CodeIgniter->runController()
 4 SYSTEMPATH\CodeIgniter.php(349): CodeIgniter\CodeIgniter->handleRequest()
 5 FCPATH\index.php(67): CodeIgniter\CodeIgniter->run()
 6 SYSTEMPATH\Commands\Server\rewrite.php(47): require_once('FCPATH\\index.php')
CRITICAL - 2023-01-06 09:32:52 --> Undefined variable $student
in APPPATH\Controllers\AjaxStudentController.php on line 70.
 1 APPPATH\Controllers\AjaxStudentController.php(70): CodeIgniter\Debug\Exceptions->errorHandler()
 2 SYSTEMPATH\CodeIgniter.php(925): App\Controllers\AjaxStudentController->update()
 3 SYSTEMPATH\CodeIgniter.php(480): CodeIgniter\CodeIgniter->runController()
 4 SYSTEMPATH\CodeIgniter.php(349): CodeIgniter\CodeIgniter->handleRequest()
 5 FCPATH\index.php(67): CodeIgniter\CodeIgniter->run()
 6 SYSTEMPATH\Commands\Server\rewrite.php(47): require_once('FCPATH\\index.php')
CRITICAL - 2023-01-06 09:32:52 --> Undefined variable $student
in APPPATH\Controllers\AjaxStudentController.php on line 70.
 1 APPPATH\Controllers\AjaxStudentController.php(70): CodeIgniter\Debug\Exceptions->errorHandler()
 2 SYSTEMPATH\CodeIgniter.php(925): App\Controllers\AjaxStudentController->update()
 3 SYSTEMPATH\CodeIgniter.php(480): CodeIgniter\CodeIgniter->runController()
 4 SYSTEMPATH\CodeIgniter.php(349): CodeIgniter\CodeIgniter->handleRequest()
 5 FCPATH\index.php(67): CodeIgniter\CodeIgniter->run()
 6 SYSTEMPATH\Commands\Server\rewrite.php(47): require_once('FCPATH\\index.php')
CRITICAL - 2023-01-06 09:32:53 --> Undefined variable $student
in APPPATH\Controllers\AjaxStudentController.php on line 70.
 1 APPPATH\Controllers\AjaxStudentController.php(70): CodeIgniter\Debug\Exceptions->errorHandler()
 2 SYSTEMPATH\CodeIgniter.php(925): App\Controllers\AjaxStudentController->update()
 3 SYSTEMPATH\CodeIgniter.php(480): CodeIgniter\CodeIgniter->runController()
 4 SYSTEMPATH\CodeIgniter.php(349): CodeIgniter\CodeIgniter->handleRequest()
 5 FCPATH\index.php(67): CodeIgniter\CodeIgniter->run()
 6 SYSTEMPATH\Commands\Server\rewrite.php(47): require_once('FCPATH\\index.php')
CRITICAL - 2023-01-06 09:32:53 --> Undefined variable $student
in APPPATH\Controllers\AjaxStudentController.php on line 70.
 1 APPPATH\Controllers\AjaxStudentController.php(70): CodeIgniter\Debug\Exceptions->errorHandler()
 2 SYSTEMPATH\CodeIgniter.php(925): App\Controllers\AjaxStudentController->update()
 3 SYSTEMPATH\CodeIgniter.php(480): CodeIgniter\CodeIgniter->runController()
 4 SYSTEMPATH\CodeIgniter.php(349): CodeIgniter\CodeIgniter->handleRequest()
 5 FCPATH\index.php(67): CodeIgniter\CodeIgniter->run()
 6 SYSTEMPATH\Commands\Server\rewrite.php(47): require_once('FCPATH\\index.php')
CRITICAL - 2023-01-06 09:32:53 --> Undefined variable $student
in APPPATH\Controllers\AjaxStudentController.php on line 70.
 1 APPPATH\Controllers\AjaxStudentController.php(70): CodeIgniter\Debug\Exceptions->errorHandler()
 2 SYSTEMPATH\CodeIgniter.php(925): App\Controllers\AjaxStudentController->update()
 3 SYSTEMPATH\CodeIgniter.php(480): CodeIgniter\CodeIgniter->runController()
 4 SYSTEMPATH\CodeIgniter.php(349): CodeIgniter\CodeIgniter->handleRequest()
 5 FCPATH\index.php(67): CodeIgniter\CodeIgniter->run()
 6 SYSTEMPATH\Commands\Server\rewrite.php(47): require_once('FCPATH\\index.php')
CRITICAL - 2023-01-06 09:32:53 --> Undefined variable $student
in APPPATH\Controllers\AjaxStudentController.php on line 70.
 1 APPPATH\Controllers\AjaxStudentController.php(70): CodeIgniter\Debug\Exceptions->errorHandler()
 2 SYSTEMPATH\CodeIgniter.php(925): App\Controllers\AjaxStudentController->update()
 3 SYSTEMPATH\CodeIgniter.php(480): CodeIgniter\CodeIgniter->runController()
 4 SYSTEMPATH\CodeIgniter.php(349): CodeIgniter\CodeIgniter->handleRequest()
 5 FCPATH\index.php(67): CodeIgniter\CodeIgniter->run()
 6 SYSTEMPATH\Commands\Server\rewrite.php(47): require_once('FCPATH\\index.php')
CRITICAL - 2023-01-06 09:32:53 --> Undefined variable $student
in APPPATH\Controllers\AjaxStudentController.php on line 70.
 1 APPPATH\Controllers\AjaxStudentController.php(70): CodeIgniter\Debug\Exceptions->errorHandler()
 2 SYSTEMPATH\CodeIgniter.php(925): App\Controllers\AjaxStudentController->update()
 3 SYSTEMPATH\CodeIgniter.php(480): CodeIgniter\CodeIgniter->runController()
 4 SYSTEMPATH\CodeIgniter.php(349): CodeIgniter\CodeIgniter->handleRequest()
 5 FCPATH\index.php(67): CodeIgniter\CodeIgniter->run()
 6 SYSTEMPATH\Commands\Server\rewrite.php(47): require_once('FCPATH\\index.php')
CRITICAL - 2023-01-06 09:32:54 --> Undefined variable $student
in APPPATH\Controllers\AjaxStudentController.php on line 70.
 1 APPPATH\Controllers\AjaxStudentController.php(70): CodeIgniter\Debug\Exceptions->errorHandler()
 2 SYSTEMPATH\CodeIgniter.php(925): App\Controllers\AjaxStudentController->update()
 3 SYSTEMPATH\CodeIgniter.php(480): CodeIgniter\CodeIgniter->runController()
 4 SYSTEMPATH\CodeIgniter.php(349): CodeIgniter\CodeIgniter->handleRequest()
 5 FCPATH\index.php(67): CodeIgniter\CodeIgniter->run()
 6 SYSTEMPATH\Commands\Server\rewrite.php(47): require_once('FCPATH\\index.php')
CRITICAL - 2023-01-06 09:32:54 --> Undefined variable $student
in APPPATH\Controllers\AjaxStudentController.php on line 70.
 1 APPPATH\Controllers\AjaxStudentController.php(70): CodeIgniter\Debug\Exceptions->errorHandler()
 2 SYSTEMPATH\CodeIgniter.php(925): App\Controllers\AjaxStudentController->update()
 3 SYSTEMPATH\CodeIgniter.php(480): CodeIgniter\CodeIgniter->runController()
 4 SYSTEMPATH\CodeIgniter.php(349): CodeIgniter\CodeIgniter->handleRequest()
 5 FCPATH\index.php(67): CodeIgniter\CodeIgniter->run()
 6 SYSTEMPATH\Commands\Server\rewrite.php(47): require_once('FCPATH\\index.php')
CRITICAL - 2023-01-06 09:32:54 --> Undefined variable $student
in APPPATH\Controllers\AjaxStudentController.php on line 70.
 1 APPPATH\Controllers\AjaxStudentController.php(70): CodeIgniter\Debug\Exceptions->errorHandler()
 2 SYSTEMPATH\CodeIgniter.php(925): App\Controllers\AjaxStudentController->update()
 3 SYSTEMPATH\CodeIgniter.php(480): CodeIgniter\CodeIgniter->runController()
 4 SYSTEMPATH\CodeIgniter.php(349): CodeIgniter\CodeIgniter->handleRequest()
 5 FCPATH\index.php(67): CodeIgniter\CodeIgniter->run()
 6 SYSTEMPATH\Commands\Server\rewrite.php(47): require_once('FCPATH\\index.php')
CRITICAL - 2023-01-06 09:32:54 --> Undefined variable $student
in APPPATH\Controllers\AjaxStudentController.php on line 70.
 1 APPPATH\Controllers\AjaxStudentController.php(70): CodeIgniter\Debug\Exceptions->errorHandler()
 2 SYSTEMPATH\CodeIgniter.php(925): App\Controllers\AjaxStudentController->update()
 3 SYSTEMPATH\CodeIgniter.php(480): CodeIgniter\CodeIgniter->runController()
 4 SYSTEMPATH\CodeIgniter.php(349): CodeIgniter\CodeIgniter->handleRequest()
 5 FCPATH\index.php(67): CodeIgniter\CodeIgniter->run()
 6 SYSTEMPATH\Commands\Server\rewrite.php(47): require_once('FCPATH\\index.php')
CRITICAL - 2023-01-06 09:32:55 --> Undefined variable $student
in APPPATH\Controllers\AjaxStudentController.php on line 70.
 1 APPPATH\Controllers\AjaxStudentController.php(70): CodeIgniter\Debug\Exceptions->errorHandler()
 2 SYSTEMPATH\CodeIgniter.php(925): App\Controllers\AjaxStudentController->update()
 3 SYSTEMPATH\CodeIgniter.php(480): CodeIgniter\CodeIgniter->runController()
 4 SYSTEMPATH\CodeIgniter.php(349): CodeIgniter\CodeIgniter->handleRequest()
 5 FCPATH\index.php(67): CodeIgniter\CodeIgniter->run()
 6 SYSTEMPATH\Commands\Server\rewrite.php(47): require_once('FCPATH\\index.php')
CRITICAL - 2023-01-06 09:32:55 --> Undefined variable $student
in APPPATH\Controllers\AjaxStudentController.php on line 70.
 1 APPPATH\Controllers\AjaxStudentController.php(70): CodeIgniter\Debug\Exceptions->errorHandler()
 2 SYSTEMPATH\CodeIgniter.php(925): App\Controllers\AjaxStudentController->update()
 3 SYSTEMPATH\CodeIgniter.php(480): CodeIgniter\CodeIgniter->runController()
 4 SYSTEMPATH\CodeIgniter.php(349): CodeIgniter\CodeIgniter->handleRequest()
 5 FCPATH\index.php(67): CodeIgniter\CodeIgniter->run()
 6 SYSTEMPATH\Commands\Server\rewrite.php(47): require_once('FCPATH\\index.php')
ERROR - 2023-01-06 23:36:18 --> Error connecting to the database: mysqli_sql_exception: No connection could be made because the target machine actively refused it in D:\INSTALLATIONS\XAMPP\htdocs\codeigniter\codeigniter4\system\Database\MySQLi\Connection.php:171
Stack trace:
#0 D:\INSTALLATIONS\XAMPP\htdocs\codeigniter\codeigniter4\system\Database\MySQLi\Connection.php(171): mysqli->real_connect()
#1 D:\INSTALLATIONS\XAMPP\htdocs\codeigniter\codeigniter4\system\Database\BaseConnection.php(382): CodeIgniter\Database\MySQLi\Connection->connect()
#2 D:\INSTALLATIONS\XAMPP\htdocs\codeigniter\codeigniter4\system\Database\BaseConnection.php(561): CodeIgniter\Database\BaseConnection->initialize()
#3 D:\INSTALLATIONS\XAMPP\htdocs\codeigniter\codeigniter4\system\Database\BaseBuilder.php(1585): CodeIgniter\Database\BaseConnection->query()
#4 D:\INSTALLATIONS\XAMPP\htdocs\codeigniter\codeigniter4\system\Model.php(240): CodeIgniter\Database\BaseBuilder->get()
#5 D:\INSTALLATIONS\XAMPP\htdocs\codeigniter\codeigniter4\system\BaseModel.php(586): CodeIgniter\Model->doFindAll()
#6 D:\INSTALLATIONS\XAMPP\htdocs\codeigniter\codeigniter4\app\Controllers\AjaxStudentController.php(36): CodeIgniter\BaseModel->findAll()
#7 D:\INSTALLATIONS\XAMPP\htdocs\codeigniter\codeigniter4\system\CodeIgniter.php(925): App\Controllers\AjaxStudentController->fetch()
#8 D:\INSTALLATIONS\XAMPP\htdocs\codeigniter\codeigniter4\system\CodeIgniter.php(480): CodeIgniter\CodeIgniter->runController()
#9 D:\INSTALLATIONS\XAMPP\htdocs\codeigniter\codeigniter4\system\CodeIgniter.php(349): CodeIgniter\CodeIgniter->handleRequest()
#10 D:\INSTALLATIONS\XAMPP\htdocs\codeigniter\codeigniter4\public\index.php(67): CodeIgniter\CodeIgniter->run()
#11 D:\INSTALLATIONS\XAMPP\htdocs\codeigniter\codeigniter4\system\Commands\Server\rewrite.php(47): require_once('...')
#12 {main}

Next CodeIgniter\Database\Exceptions\DatabaseException: No connection could be made because the target machine actively refused it in D:\INSTALLATIONS\XAMPP\htdocs\codeigniter\codeigniter4\system\Database\MySQLi\Connection.php:215
Stack trace:
#0 D:\INSTALLATIONS\XAMPP\htdocs\codeigniter\codeigniter4\system\Database\BaseConnection.php(382): CodeIgniter\Database\MySQLi\Connection->connect()
#1 D:\INSTALLATIONS\XAMPP\htdocs\codeigniter\codeigniter4\system\Database\BaseConnection.php(561): CodeIgniter\Database\BaseConnection->initialize()
#2 D:\INSTALLATIONS\XAMPP\htdocs\codeigniter\codeigniter4\system\Database\BaseBuilder.php(1585): CodeIgniter\Database\BaseConnection->query()
#3 D:\INSTALLATIONS\XAMPP\htdocs\codeigniter\codeigniter4\system\Model.php(240): CodeIgniter\Database\BaseBuilder->get()
#4 D:\INSTALLATIONS\XAMPP\htdocs\codeigniter\codeigniter4\system\BaseModel.php(586): CodeIgniter\Model->doFindAll()
#5 D:\INSTALLATIONS\XAMPP\htdocs\codeigniter\codeigniter4\app\Controllers\AjaxStudentController.php(36): CodeIgniter\BaseModel->findAll()
#6 D:\INSTALLATIONS\XAMPP\htdocs\codeigniter\codeigniter4\system\CodeIgniter.php(925): App\Controllers\AjaxStudentController->fetch()
#7 D:\INSTALLATIONS\XAMPP\htdocs\codeigniter\codeigniter4\system\CodeIgniter.php(480): CodeIgniter\CodeIgniter->runController()
#8 D:\INSTALLATIONS\XAMPP\htdocs\codeigniter\codeigniter4\system\CodeIgniter.php(349): CodeIgniter\CodeIgniter->handleRequest()
#9 D:\INSTALLATIONS\XAMPP\htdocs\codeigniter\codeigniter4\public\index.php(67): CodeIgniter\CodeIgniter->run()
#10 D:\INSTALLATIONS\XAMPP\htdocs\codeigniter\codeigniter4\system\Commands\Server\rewrite.php(47): require_once('...')
#11 {main}
CRITICAL - 2023-01-06 23:36:18 --> Unable to connect to the database.
Main connection [MySQLi]: No connection could be made because the target machine actively refused it
in SYSTEMPATH\Database\BaseConnection.php on line 418.
 1 SYSTEMPATH\Database\BaseConnection.php(561): CodeIgniter\Database\BaseConnection->initialize()
 2 SYSTEMPATH\Database\BaseBuilder.php(1585): CodeIgniter\Database\BaseConnection->query()
 3 SYSTEMPATH\Model.php(240): CodeIgniter\Database\BaseBuilder->get()
 4 SYSTEMPATH\BaseModel.php(586): CodeIgniter\Model->doFindAll()
 5 APPPATH\Controllers\AjaxStudentController.php(36): CodeIgniter\BaseModel->findAll()
 6 SYSTEMPATH\CodeIgniter.php(925): App\Controllers\AjaxStudentController->fetch()
 7 SYSTEMPATH\CodeIgniter.php(480): CodeIgniter\CodeIgniter->runController()
 8 SYSTEMPATH\CodeIgniter.php(349): CodeIgniter\CodeIgniter->handleRequest()
 9 FCPATH\index.php(67): CodeIgniter\CodeIgniter->run()
10 SYSTEMPATH\Commands\Server\rewrite.php(47): require_once('FCPATH\\index.php')
